This is pdfTeX, Version 3.1415926-2.5-1.40.14 (TeX Live 2013/Debian) (format=pdflatex 2014.2.13)  25 OCT 2018 18:40
entering extended mode
 restricted \write18 enabled.
 %&-line parsing enabled.
**main
(./main.tex
LaTeX2e <2011/06/27>
Babel <3.9f> and hyphenation patterns for 2 languages loaded.
(/usr/share/texlive/texmf-dist/tex/latex/base/report.cls
Document Class: report 2007/10/19 v1.4h Standard LaTeX document class
(/usr/share/texlive/texmf-dist/tex/latex/base/size12.clo
File: size12.clo 2007/10/19 v1.4h Standard LaTeX file (size option)
)
\c@part=\count79
\c@chapter=\count80
\c@section=\count81
\c@subsection=\count82
\c@subsubsection=\count83
\c@paragraph=\count84
\c@subparagraph=\count85
\c@figure=\count86
\c@table=\count87
\abovecaptionskip=\skip41
\belowcaptionskip=\skip42
\bibindent=\dimen102
)
(/usr/share/texlive/texmf-dist/tex/latex/appendix/appendix.sty
Package: appendix 2009/09/02 v1.2b extra appendix facilities
\c@@pps=\count88
\c@@ppsavesec=\count89
\c@@ppsaveapp=\count90
)
(./mciteplus.sty
Package: mciteplus 2008/09/30 v1.1 enhanced mcite
\@mcitetmptoksA=\toks14
\@mcitetmpdima=\dimen103
\@mcitetmpdimb=\dimen104
\@mcitetmpcnta=\count91
\@mcitetmpcntb=\count92
\c@mcitebibitemcount=\count93
\c@mcitesubitemcount=\count94
) (/usr/share/texlive/texmf-dist/tex/latex/base/ifthen.sty
Package: ifthen 2001/05/26 v1.1c Standard LaTeX ifthen package (DPC)
)
(/usr/share/texlive/texmf-dist/tex/latex/base/inputenc.sty
Package: inputenc 2008/03/30 v1.1d Input encoding file
\inpenc@prehook=\toks15
\inpenc@posthook=\toks16

(/usr/share/texlive/texmf-dist/tex/latex/ucs/utf8x.def
File: utf8x.def 2004/10/17 UCS: Input encoding UTF-8
))
(/usr/share/texlive/texmf-dist/tex/latex/ucs/ucs.sty
Package: ucs 2013/05/11 v2.2 UCS: Unicode input support

(/usr/share/texlive/texmf-dist/tex/latex/ucs/data/uni-global.def
File: uni-global.def 2013/05/13 UCS: Unicode global data
)
\uc@secondtry=\count95
\uc@combtoks=\toks17
\uc@combtoksb=\toks18
\uc@temptokena=\toks19
)
(./lineno.sty
Package: lineno 2002/01/27 line numbers on paragraphs v3.08b
\linenopenalty=\count96
\output=\toks20
\linenoprevgraf=\count97
\linenumbersep=\dimen105
\linenumberwidth=\dimen106
\c@linenumber=\count98
\c@pagewiselinenumber=\count99
\c@linenumbermodulo=\count100
\c@internallinenumber=\count101
\c@internallinenumbers=\count102
\quotelinenumbersep=\dimen107
\bframerule=\dimen108
\bframesep=\dimen109
\bframebox=\box26
) (/usr/share/texlive/texmf-dist/tex/latex/mh/mathtools.sty
Package: mathtools 2013/02/12 v1.13 mathematical typesetting tools

(/usr/share/texlive/texmf-dist/tex/latex/graphics/keyval.sty
Package: keyval 1999/03/16 v1.13 key=value parser (DPC)
\KV@toks@=\toks21
)
(/usr/share/texlive/texmf-dist/tex/latex/tools/calc.sty
Package: calc 2007/08/22 v4.3 Infix arithmetic (KKT,FJ)
\calc@Acount=\count103
\calc@Bcount=\count104
\calc@Adimen=\dimen110
\calc@Bdimen=\dimen111
\calc@Askip=\skip43
\calc@Bskip=\skip44
LaTeX Info: Redefining \setlength on input line 76.
LaTeX Info: Redefining \addtolength on input line 77.
\calc@Ccount=\count105
\calc@Cskip=\skip45
)
(/usr/share/texlive/texmf-dist/tex/latex/mh/mhsetup.sty
Package: mhsetup 2010/01/21 v1.2a programming setup (MH)
)
(/usr/share/texlive/texmf-dist/tex/latex/amsmath/amsmath.sty
Package: amsmath 2013/01/14 v2.14 AMS math features
\@mathmargin=\skip46

For additional information on amsmath, use the `?' option.
(/usr/share/texlive/texmf-dist/tex/latex/amsmath/amstext.sty
Package: amstext 2000/06/29 v2.01

(/usr/share/texlive/texmf-dist/tex/latex/amsmath/amsgen.sty
File: amsgen.sty 1999/11/30 v2.0
\@emptytoks=\toks22
\ex@=\dimen112
))
(/usr/share/texlive/texmf-dist/tex/latex/amsmath/amsbsy.sty
Package: amsbsy 1999/11/29 v1.2d
\pmbraise@=\dimen113
)
(/usr/share/texlive/texmf-dist/tex/latex/amsmath/amsopn.sty
Package: amsopn 1999/12/14 v2.01 operator names
)
\inf@bad=\count106
LaTeX Info: Redefining \frac on input line 210.
\uproot@=\count107
\leftroot@=\count108
LaTeX Info: Redefining \overline on input line 306.
\classnum@=\count109
\DOTSCASE@=\count110
LaTeX Info: Redefining \ldots on input line 378.
LaTeX Info: Redefining \dots on input line 381.
LaTeX Info: Redefining \cdots on input line 466.
\Mathstrutbox@=\box27
\strutbox@=\box28
\big@size=\dimen114
LaTeX Font Info:    Redeclaring font encoding OML on input line 566.
LaTeX Font Info:    Redeclaring font encoding OMS on input line 567.
\macc@depth=\count111
\c@MaxMatrixCols=\count112
\dotsspace@=\muskip10
\c@parentequation=\count113
\dspbrk@lvl=\count114
\tag@help=\toks23
\row@=\count115
\column@=\count116
\maxfields@=\count117
\andhelp@=\toks24
\eqnshift@=\dimen115
\alignsep@=\dimen116
\tagshift@=\dimen117
\tagwidth@=\dimen118
\totwidth@=\dimen119
\lineht@=\dimen120
\@envbody=\toks25
\multlinegap=\skip47
\multlinetaggap=\skip48
\mathdisplay@stack=\toks26
LaTeX Info: Redefining \[ on input line 2665.
LaTeX Info: Redefining \] on input line 2666.
)
LaTeX Info: Thecontrolsequence`\['isalreadyrobust on input line 129.
LaTeX Info: Thecontrolsequence`\]'isalreadyrobust on input line 129.
\g_MT_multlinerow_int=\count118
\l_MT_multwidth_dim=\dimen121
\origjot=\skip49
\l_MT_shortvdotswithinadjustabove_dim=\dimen122
\l_MT_shortvdotswithinadjustbelow_dim=\dimen123
\l_MT_above_intertext_sep=\dimen124
\l_MT_below_intertext_sep=\dimen125
\l_MT_above_shortintertext_sep=\dimen126
\l_MT_below_shortintertext_sep=\dimen127
)
(/usr/share/texlive/texmf-dist/tex/latex/graphics/graphicx.sty
Package: graphicx 1999/02/16 v1.0f Enhanced LaTeX Graphics (DPC,SPQR)

(/usr/share/texlive/texmf-dist/tex/latex/graphics/graphics.sty
Package: graphics 2009/02/05 v1.0o Standard LaTeX Graphics (DPC,SPQR)

(/usr/share/texlive/texmf-dist/tex/latex/graphics/trig.sty
Package: trig 1999/03/16 v1.09 sin cos tan (DPC)
)
(/usr/share/texlive/texmf-dist/tex/latex/latexconfig/graphics.cfg
File: graphics.cfg 2010/04/23 v1.9 graphics configuration of TeX Live
)
Package graphics Info: Driver file: pdftex.def on input line 91.

(/usr/share/texlive/texmf-dist/tex/latex/pdftex-def/pdftex.def
File: pdftex.def 2011/05/27 v0.06d Graphics/color for pdfTeX

(/usr/share/texlive/texmf-dist/tex/generic/oberdiek/infwarerr.sty
Package: infwarerr 2010/04/08 v1.3 Providing info/warning/error messages (HO)
)
(/usr/share/texlive/texmf-dist/tex/generic/oberdiek/ltxcmds.sty
Package: ltxcmds 2011/11/09 v1.22 LaTeX kernel commands for general use (HO)
)
\Gread@gobject=\count119
))
\Gin@req@height=\dimen128
\Gin@req@width=\dimen129
)
(/usr/share/texlive/texmf-dist/tex/latex/forloop/forloop.sty
Package: forloop 2006/09/18 v3.0 For Loops for LaTeX
)
(/usr/share/texlive/texmf-dist/tex/latex/pdfpages/pdfpages.sty
Package: pdfpages 2013/05/30 v0.4u Insert pages of external PDF documents (AM)

(/usr/share/texlive/texmf-dist/tex/latex/eso-pic/eso-pic.sty
Package: eso-pic 2010/10/06 v2.0c eso-pic (RN)

(/usr/share/texlive/texmf-dist/tex/generic/oberdiek/atbegshi.sty
Package: atbegshi 2011/10/05 v1.16 At begin shipout hook (HO)

(/usr/share/texlive/texmf-dist/tex/generic/oberdiek/ifpdf.sty
Package: ifpdf 2011/01/30 v2.3 Provides the ifpdf switch (HO)
Package ifpdf Info: pdfTeX in PDF mode is detected.
))
(/usr/share/texmf/tex/latex/xcolor/xcolor.sty
Package: xcolor 2007/01/21 v2.11 LaTeX color extensions (UK)

(/usr/share/texlive/texmf-dist/tex/latex/latexconfig/color.cfg
File: color.cfg 2007/01/18 v1.5 color configuration of teTeX/TeXLive
)
Package xcolor Info: Driver file: pdftex.def on input line 225.
Package xcolor Info: Model `cmy' substituted by `cmy0' on input line 1337.
Package xcolor Info: Model `hsb' substituted by `rgb' on input line 1341.
Package xcolor Info: Model `RGB' extended on input line 1353.
Package xcolor Info: Model `HTML' substituted by `rgb' on input line 1355.
Package xcolor Info: Model `Hsb' substituted by `hsb' on input line 1356.
Package xcolor Info: Model `tHsb' substituted by `hsb' on input line 1357.
Package xcolor Info: Model `HSB' substituted by `hsb' on input line 1358.
Package xcolor Info: Model `Gray' substituted by `gray' on input line 1359.
Package xcolor Info: Model `wave' substituted by `hsb' on input line 1360.
))
(/usr/share/texlive/texmf-dist/tex/latex/pdfpages/pppdftex.def
File: pppdftex.def 2013/05/30 v0.4u Pdfpages driver for pdfTeX (AM)
)
\AM@pagebox=\box29
\AM@toc@title=\toks27
\c@AM@survey=\count120
\AM@templatesizebox=\box30
)
(/usr/share/texlive/texmf-dist/tex/latex/tools/tabularx.sty
Package: tabularx 1999/01/07 v2.07 `tabularx' package (DPC)

(/usr/share/texlive/texmf-dist/tex/latex/tools/array.sty
Package: array 2008/09/09 v2.4c Tabular extension package (FMi)
\col@sep=\dimen130
\extrarowheight=\dimen131
\NC@list=\toks28
\extratabsurround=\skip50
\backup@length=\skip51
)
\TX@col@width=\dimen132
\TX@old@table=\dimen133
\TX@old@col=\dimen134
\TX@target=\dimen135
\TX@delta=\dimen136
\TX@cols=\count121
\TX@ftn=\toks29
)
(/usr/share/texlive/texmf-dist/tex/latex/tools/xspace.sty
Package: xspace 2009/10/20 v1.13 Space after command names (DPC,MH)
)
(/usr/share/texlive/texmf-dist/tex/latex/colortbl/colortbl.sty
Package: colortbl 2012/02/13 v1.0a Color table columns (DPC)
\everycr=\toks30
\minrowclearance=\skip52
)
(/usr/share/texlive/texmf-dist/tex/latex/comment/comment.sty
\CommentStream=\write3

Excluding comment 'comment')
(/usr/share/texlive/texmf-dist/tex/latex/rotating/rotating.sty
Package: rotating 2009/03/28 v2.16a rotated objects in LaTeX
\c@r@tfl@t=\count122
\rotFPtop=\skip53
\rotFPbot=\skip54
\rot@float@box=\box31
\rot@mess@toks=\toks31
)
(/usr/share/texlive/texmf-dist/tex/latex/multirow/multirow.sty
\bigstrutjot=\dimen137
)
(/usr/share/texlive/texmf-dist/tex/latex/subfig/subfig.sty
Package: subfig 2005/06/28 ver: 1.3 subfig package

(/usr/share/texlive/texmf-dist/tex/latex/caption/caption.sty
Package: caption 2013/05/02 v3.3-89 Customizing captions (AR)

(/usr/share/texlive/texmf-dist/tex/latex/caption/caption3.sty
Package: caption3 2013/05/02 v1.6-88 caption3 kernel (AR)
Package caption3 Info: TeX engine: e-TeX on input line 57.
\captionmargin=\dimen138
\captionmargin@=\dimen139
\captionwidth=\dimen140
\caption@tempdima=\dimen141
\caption@indent=\dimen142
\caption@parindent=\dimen143
\caption@hangindent=\dimen144
)
\c@ContinuedFloat=\count123
Package caption Info: rotating package is loaded.
)
\c@KVtest=\count124
\sf@farskip=\skip55
\sf@captopadj=\dimen145
\sf@capskip=\skip56
\sf@nearskip=\skip57
\c@subfigure=\count125
\c@subfigure@save=\count126
\c@lofdepth=\count127
\c@subtable=\count128
\c@subtable@save=\count129
\c@lotdepth=\count130
\sf@top=\skip58
\sf@bottom=\skip59
)
(/usr/share/texlive/texmf-dist/tex/latex/graphics/lscape.sty
Package: lscape 2000/10/22 v3.01 Landscape Pages (DPC)
) (./cite.sty
LaTeX Info: Redefining \cite on input line 302.
LaTeX Info: Redefining \nocite on input line 373.
Package: cite 2010/09/10  v 5.3
)
(/usr/share/texlive/texmf-dist/tex/latex/float/float.sty
Package: float 2001/11/08 v1.3d Float enhancements (AL)
\c@float@type=\count131
\float@exts=\toks32
\float@box=\box32
\@float@everytoks=\toks33
\@floatcapt=\box33
)
(/usr/share/texlive/texmf-dist/tex/latex/hyperref/hyperref.sty
Package: hyperref 2012/11/06 v6.83m Hypertext links for LaTeX

(/usr/share/texlive/texmf-dist/tex/generic/oberdiek/hobsub-hyperref.sty
Package: hobsub-hyperref 2012/05/28 v1.13 Bundle oberdiek, subset hyperref (HO)


(/usr/share/texlive/texmf-dist/tex/generic/oberdiek/hobsub-generic.sty
Package: hobsub-generic 2012/05/28 v1.13 Bundle oberdiek, subset generic (HO)
Package: hobsub 2012/05/28 v1.13 Construct package bundles (HO)
Package hobsub Info: Skipping package `infwarerr' (already loaded).
Package hobsub Info: Skipping package `ltxcmds' (already loaded).
Package: ifluatex 2010/03/01 v1.3 Provides the ifluatex switch (HO)
Package ifluatex Info: LuaTeX not detected.
Package: ifvtex 2010/03/01 v1.5 Detect VTeX and its facilities (HO)
Package ifvtex Info: VTeX not detected.
Package: intcalc 2007/09/27 v1.1 Expandable calculations with integers (HO)
Package hobsub Info: Skipping package `ifpdf' (already loaded).
Package: etexcmds 2011/02/16 v1.5 Avoid name clashes with e-TeX commands (HO)
Package etexcmds Info: Could not find \expanded.
(etexcmds)             That can mean that you are not using pdfTeX 1.50 or
(etexcmds)             that some package has redefined \expanded.
(etexcmds)             In the latter case, load this package earlier.
Package: kvsetkeys 2012/04/25 v1.16 Key value parser (HO)
Package: kvdefinekeys 2011/04/07 v1.3 Define keys (HO)
Package: pdftexcmds 2011/11/29 v0.20 Utility functions of pdfTeX for LuaTeX (HO
)
Package pdftexcmds Info: LuaTeX not detected.
Package pdftexcmds Info: \pdf@primitive is available.
Package pdftexcmds Info: \pdf@ifprimitive is available.
Package pdftexcmds Info: \pdfdraftmode found.
Package: pdfescape 2011/11/25 v1.13 Implements pdfTeX's escape features (HO)
Package: bigintcalc 2012/04/08 v1.3 Expandable calculations on big integers (HO
)
Package: bitset 2011/01/30 v1.1 Handle bit-vector datatype (HO)
Package: uniquecounter 2011/01/30 v1.2 Provide unlimited unique counter (HO)
)
Package hobsub Info: Skipping package `hobsub' (already loaded).
Package: letltxmacro 2010/09/02 v1.4 Let assignment for LaTeX macros (HO)
Package: hopatch 2012/05/28 v1.2 Wrapper for package hooks (HO)
Package: xcolor-patch 2011/01/30 xcolor patch
Package: atveryend 2011/06/30 v1.8 Hooks at the very end of document (HO)
Package atveryend Info: \enddocument detected (standard20110627).
Package hobsub Info: Skipping package `atbegshi' (already loaded).
Package: refcount 2011/10/16 v3.4 Data extraction from label references (HO)
Package: hycolor 2011/01/30 v1.7 Color options for hyperref/bookmark (HO)
)
(/usr/share/texlive/texmf-dist/tex/generic/ifxetex/ifxetex.sty
Package: ifxetex 2010/09/12 v0.6 Provides ifxetex conditional
)
(/usr/share/texlive/texmf-dist/tex/latex/oberdiek/auxhook.sty
Package: auxhook 2011/03/04 v1.3 Hooks for auxiliary files (HO)
)
(/usr/share/texlive/texmf-dist/tex/latex/oberdiek/kvoptions.sty
Package: kvoptions 2011/06/30 v3.11 Key value format for package options (HO)
)
\@linkdim=\dimen146
\Hy@linkcounter=\count132
\Hy@pagecounter=\count133

(/usr/share/texlive/texmf-dist/tex/latex/hyperref/pd1enc.def
File: pd1enc.def 2012/11/06 v6.83m Hyperref: PDFDocEncoding definition (HO)
)
\Hy@SavedSpaceFactor=\count134

(/usr/share/texlive/texmf-dist/tex/latex/latexconfig/hyperref.cfg
File: hyperref.cfg 2002/06/06 v1.2 hyperref configuration of TeXLive
)
Package hyperref Info: Option `plainpages' set `false' on input line 4319.
Package hyperref Info: Option `bookmarks' set `true' on input line 4319.


Package hyperref Warning: Values of option `pdfpagemode':
(hyperref)                * `UseNone'
(hyperref)                * `UseOutlines'
(hyperref)                * `UseThumbs'
(hyperref)                * `FullScreen'
(hyperref)                * `UseOC' (PDF 1.5)
(hyperref)                * `UseAttachments' (PDF 1.6)
(hyperref)                * An empty value disables the option.
(hyperref)                Unknown value `None' on input line 4319.

Package hyperref Info: Option `colorlinks' set `true' on input line 4319.

Package hyperref Warning: Option `pagecolor' is not available anymore.


Package hyperref Warning: Invalid value `000'
(hyperref)                for option `pdfborder'.
(hyperref)                Option setting is ignored on input line 4319.

Package hyperref Info: Hyper figures OFF on input line 4443.
Package hyperref Info: Link nesting OFF on input line 4448.
Package hyperref Info: Hyper index ON on input line 4451.
Package hyperref Info: Plain pages OFF on input line 4458.
Package hyperref Info: Backreferencing OFF on input line 4463.
Package hyperref Info: Implicit mode ON; LaTeX internals redefined.
Package hyperref Info: Bookmarks ON on input line 4688.
\c@Hy@tempcnt=\count135
(/usr/share/texlive/texmf-dist/tex/latex/url/url.sty
\Urlmuskip=\muskip11
Package: url 2006/04/12  ver 3.3  Verb mode for urls, etc.
)
LaTeX Info: Redefining \url on input line 5041.
\XeTeXLinkMargin=\dimen147
\Fld@menulength=\count136
\Field@Width=\dimen148
\Fld@charsize=\dimen149
Package hyperref Info: Hyper figures OFF on input line 6295.
Package hyperref Info: Link nesting OFF on input line 6300.
Package hyperref Info: Hyper index ON on input line 6303.
Package hyperref Info: backreferencing OFF on input line 6310.
Package hyperref Info: Link coloring ON on input line 6313.
Package hyperref Info: Link coloring with OCG OFF on input line 6320.
Package hyperref Info: PDF/A mode OFF on input line 6325.
LaTeX Info: Redefining \ref on input line 6365.
LaTeX Info: Redefining \pageref on input line 6369.
\Hy@abspage=\count137
\c@Item=\count138
\c@Hfootnote=\count139
)

Package hyperref Message: Driver: hpdftex.

(/usr/share/texlive/texmf-dist/tex/latex/hyperref/hpdftex.def
File: hpdftex.def 2012/11/06 v6.83m Hyperref driver for pdfTeX
\Fld@listcount=\count140
\c@bookmark@seq@number=\count141

(/usr/share/texlive/texmf-dist/tex/latex/oberdiek/rerunfilecheck.sty
Package: rerunfilecheck 2011/04/15 v1.7 Rerun checks for auxiliary files (HO)
Package uniquecounter Info: New unique counter `rerunfilecheck' on input line 2
82.
)
\Hy@SectionHShift=\skip60
)
(/usr/share/texlive/texmf-dist/tex/latex/amsfonts/amssymb.sty
Package: amssymb 2013/01/14 v3.01 AMS font symbols

(/usr/share/texlive/texmf-dist/tex/latex/amsfonts/amsfonts.sty
Package: amsfonts 2013/01/14 v3.01 Basic AMSFonts support
\symAMSa=\mathgroup4
\symAMSb=\mathgroup5
LaTeX Font Info:    Overwriting math alphabet `\mathfrak' in version `bold'
(Font)                  U/euf/m/n --> U/euf/b/n on input line 106.
))
(/usr/share/texlive/texmf-dist/tex/latex/was/upgreek.sty
Package: upgreek 2003/02/12 v2.0 (WaS)
Package upgreek Info: Using Euler Roman for upright Greek on input line 31.
\symugrf@m=\mathgroup6
LaTeX Font Info:    Overwriting symbol font `ugrf@m' in version `bold'
(Font)                  U/eur/m/n --> U/eur/b/n on input line 38.
)
(/usr/share/texlive/texmf-dist/tex/latex/units/units.sty
Package: units 1998/08/04 v0.9b Typesetting units

(/usr/share/texlive/texmf-dist/tex/latex/units/nicefrac.sty
Package: nicefrac 1998/08/04 v0.9b Nice fractions
\L@UnitsRaiseDisplaystyle=\skip61
\L@UnitsRaiseTextstyle=\skip62
\L@UnitsRaiseScriptstyle=\skip63
))
(./extra-definitions.tex) (./our-symbols-def.tex)
\@float@every@table=\toks34

(/usr/share/texlive/texmf-dist/tex/latex/titlesec/titlesec.sty
Package: titlesec 2011/12/15 v2.10.0 Sectioning titles
\ttl@box=\box34
\beforetitleunit=\skip64
\aftertitleunit=\skip65
\ttl@plus=\dimen150
\ttl@minus=\dimen151
\ttl@toksa=\toks35
\titlewidth=\dimen152
\titlewidthlast=\dimen153
\titlewidthfirst=\dimen154
)
(/usr/share/texlive/texmf-dist/tex/latex/etoolbox/etoolbox.sty
Package: etoolbox 2011/01/03 v2.1 e-TeX tools for LaTeX

(/usr/share/texlive/texmf-dist/tex/latex/etex-pkg/etex.sty
Package: etex 1998/03/26 v2.0 eTeX basic definition package (PEB)
\et@xins=\count142
)
\etb@tempcnta=\count143
)
\c@subsubsubsection=\count144

(/usr/share/texlive/texmf-dist/tex/latex/tools/afterpage.sty
Package: afterpage 1995/10/27 v1.08 After-Page Package (DPC)
\AP@output=\toks36
\AP@partial=\box35
\AP@footins=\box36
) (./main.aux

LaTeX Warning: Label `sec:introduction' multiply defined.

)
\openout1 = `main.aux'.

LaTeX Font Info:    Checking defaults for OML/cmm/m/it on input line 178.
LaTeX Font Info:    ... okay on input line 178.
LaTeX Font Info:    Checking defaults for T1/cmr/m/n on input line 178.
LaTeX Font Info:    ... okay on input line 178.
LaTeX Font Info:    Checking defaults for OT1/cmr/m/n on input line 178.
LaTeX Font Info:    ... okay on input line 178.
LaTeX Font Info:    Checking defaults for OMS/cmsy/m/n on input line 178.
LaTeX Font Info:    ... okay on input line 178.
LaTeX Font Info:    Checking defaults for OMX/cmex/m/n on input line 178.
LaTeX Font Info:    ... okay on input line 178.
LaTeX Font Info:    Checking defaults for U/cmr/m/n on input line 178.
LaTeX Font Info:    ... okay on input line 178.
LaTeX Font Info:    Checking defaults for PD1/pdf/m/n on input line 178.
LaTeX Font Info:    ... okay on input line 178.
 (/usr/share/texlive/texmf-dist/tex/latex/ucs/ucsencs.def
File: ucsencs.def 2011/01/21 Fixes to fontencodings LGR, T3
)
(/usr/share/texlive/texmf-dist/tex/context/base/supp-pdf.mkii
[Loading MPS to PDF converter (version 2006.09.02).]
\scratchcounter=\count145
\scratchdimen=\dimen155
\scratchbox=\box37
\nofMPsegments=\count146
\nofMParguments=\count147
\everyMPshowfont=\toks37
\MPscratchCnt=\count148
\MPscratchDim=\dimen156
\MPnumerator=\count149
\makeMPintoPDFobject=\count150
\everyMPtoPDFconversion=\toks38
) (/usr/share/texlive/texmf-dist/tex/latex/oberdiek/epstopdf-base.sty
Package: epstopdf-base 2010/02/09 v2.5 Base part for package epstopdf

(/usr/share/texlive/texmf-dist/tex/latex/oberdiek/grfext.sty
Package: grfext 2010/08/19 v1.1 Manage graphics extensions (HO)
)
Package grfext Info: Graphics extension search list:
(grfext)             [.png,.pdf,.jpg,.mps,.jpeg,.jbig2,.jb2,.PNG,.PDF,.JPG,.JPE
G,.JBIG2,.JB2,.eps]
(grfext)             \AppendGraphicsExtensions on input line 452.

(/usr/share/texlive/texmf-dist/tex/latex/latexconfig/epstopdf-sys.cfg
File: epstopdf-sys.cfg 2010/07/13 v1.3 Configuration of (r)epstopdf for TeX Liv
e
))
\AtBeginShipoutBox=\box38
Package caption Info: Begin \AtBeginDocument code.
Package caption Info: subfig package v1.3 is loaded.
Package caption Info: float package is loaded.
Package caption Info: hyperref package is loaded.
Package caption Info: End \AtBeginDocument code.
Package hyperref Info: Link coloring ON on input line 178.

(/usr/share/texlive/texmf-dist/tex/latex/hyperref/nameref.sty
Package: nameref 2012/10/27 v2.43 Cross-referencing by name of section

(/usr/share/texlive/texmf-dist/tex/generic/oberdiek/gettitlestring.sty
Package: gettitlestring 2010/12/03 v1.4 Cleanup title references (HO)
)
\c@section@level=\count151
)
LaTeX Info: Redefining \ref on input line 178.
LaTeX Info: Redefining \pageref on input line 178.
LaTeX Info: Redefining \nameref on input line 178.

(./main.out) (./main.out)
\@outlinefile=\write4
\openout4 = `main.out'.

 (./chapters/Cover.tex
LaTeX Font Info:    Try loading font information for U+msa on input line 6.

(/usr/share/texlive/texmf-dist/tex/latex/amsfonts/umsa.fd
File: umsa.fd 2013/01/14 v3.01 AMS symbols A
)
LaTeX Font Info:    Try loading font information for U+msb on input line 6.

(/usr/share/texlive/texmf-dist/tex/latex/amsfonts/umsb.fd
File: umsb.fd 2013/01/14 v3.01 AMS symbols B
)
<figs/logo_ux.jpg, id=426, 712.6625pt x 461.725pt>
File: figs/logo_ux.jpg Graphic file (type jpg)
 <use figs/logo_ux.jpg>
Package pdftex.def Info: figs/logo_ux.jpg used on input line 38.
(pdftex.def)             Requested size: 159.3382pt x 103.22842pt.

(/usr/share/texlive/texmf-dist/tex/latex/ucs/data/uni-0.def
File: uni-0.def 2013/05/13 UCS: Unicode data U+0000..U+00FF
)) [1

{/var/lib/texmf/fonts/map/pdftex/updmap/pdftex.map} <./figs/logo_ux.jpg>]pdfTeX
 warning (ext4): destination with the same identifier (name{page.i}) has been a
lready used, duplicate ignored
<to be read again> 
                   \relax 
l.192 \cleardoublepage
                       [1

] (./main.toc [2

] [3]
LaTeX Font Info:    Font shape `OT1/cmtt/bx/n' in size <12> not available
(Font)              Font shape `OT1/cmtt/m/n' tried instead on input line 95.
)
\tf@toc=\write5
\openout5 = `main.toc'.

 [4]pdfTeX warning (ext4): destination with the same identifier (name{page.iv})
 has been already used, duplicate ignored
<to be read again> 
                   \relax 
l.202 \cleardoublepage
                       [4

] (./chapters/Introduction.tex
Chapter 1.
[1

] <figs/higgs.png, id=585, 462.528pt x 346.896pt>
File: figs/higgs.png Graphic file (type png)
 <use figs/higgs.png>
Package pdftex.def Info: figs/higgs.png used on input line 36.
(pdftex.def)             Requested size: 323.76738pt x 242.82553pt.

[2 <./figs/higgs.png>] [3]
<figs/particle_content.jpg, id=615, 853.1875pt x 587.19376pt>
File: figs/particle_content.jpg Graphic file (type jpg)

<use figs/particle_content.jpg>
Package pdftex.def Info: figs/particle_content.jpg used on input line 88.
(pdftex.def)             Requested size: 426.59271pt x 293.59616pt.
 [4 <./figs/particle_content.jpg>]
Underfull \hbox (badness 1383) in paragraph at lines 105--106
[]\OT1/cmr/m/n/12 With this, the weak cur-rent trans-forms from $[]\OML/cmm/m/i
t/12 ^^M[]d[]$ \OT1/cmr/m/n/12 to $[]\OML/cmm/m/it/12 ^^M[]\OT1/cmr/m/n/12 (\OM
L/cmm/m/it/12 V[]V[]\OT1/cmr/m/n/12 )[])\OML/cmm/m/it/12 d[] \OMS/cmsy/m/n/12 ^
^Q
 []

[5] <figs/coupling_constants.jpg, id=646, 569.0058pt x 232.4685pt>
File: figs/coupling_constants.jpg Graphic file (type jpg)

<use figs/coupling_constants.jpg>
Package pdftex.def Info: figs/coupling_constants.jpg used on input line 146.
(pdftex.def)             Requested size: 398.30135pt x 162.72684pt.
LaTeX Font Info:    Try loading font information for OMS+cmr on input line 152.


(/usr/share/texlive/texmf-dist/tex/latex/base/omscmr.fd
File: omscmr.fd 1999/05/25 v2.5h Standard LaTeX font definitions
)
LaTeX Font Info:    Font shape `OMS/cmr/m/n' in size <12> not available
(Font)              Font shape `OMS/cmsy/m/n' tried instead on input line 152.
 [6 <./figs/coupling_constants.jpg>] [7] <figs/lhm.png, id=685, 652.68843pt x 1
86.6975pt>
File: figs/lhm.png Graphic file (type png)

<use figs/lhm.png>
Package pdftex.def Info: figs/lhm.png used on input line 191.
(pdftex.def)             Requested size: 456.87878pt x 130.68735pt.

Overfull \hbox (1.6347pt too wide) in paragraph at lines 191--192
 [] 
 []

) (./chapters/Supersymmetry.tex [8] [9 <./figs/lhm.png>]
Chapter 2.
[10

]
Underfull \hbox (badness 4954) in paragraph at lines 36--36
 |[]\OT1/cmr/bx/n/17.28 Minimal Su-per-sym-met-ri-cal Stan-dard Model
 []

[11]

LaTeX Warning: Citation `Pascos1' on page 12 undefined on input line 58.


LaTeX Warning: Citation `Pascos2' on page 12 undefined on input line 58.

[12] [13] <figs/hidden_sector.png, id=746, 351.56343pt x 188.95593pt>
File: figs/hidden_sector.png Graphic file (type png)

<use figs/hidden_sector.png>
Package pdftex.def Info: figs/hidden_sector.png used on input line 123.
(pdftex.def)             Requested size: 175.78128pt x 94.47772pt.
 [14 <./figs/hidden_sector.png>] [15] [16]
<figs/bfp_posmu_noDM_w_slha.pdf, id=779, 422.48943pt x 279.65279pt>
File: figs/bfp_posmu_noDM_w_slha.pdf Graphic file (type pdf)

<use figs/bfp_posmu_noDM_w_slha.pdf>
Package pdftex.def Info: figs/bfp_posmu_noDM_w_slha.pdf used on input line 243.

(pdftex.def)             Requested size: 422.48839pt x 279.6521pt.

<figs/bfp_negmu_noDM_w_slha.pdf, id=780, 422.48943pt x 280.79404pt>
File: figs/bfp_negmu_noDM_w_slha.pdf Graphic file (type pdf)

<use figs/bfp_negmu_noDM_w_slha.pdf>
Package pdftex.def Info: figs/bfp_negmu_noDM_w_slha.pdf used on input line 244.

(pdftex.def)             Requested size: 422.48839pt x 280.79333pt.
 [17 <./figs/bfp_posmu_noDM_w_slha.pdf> <./figs/bfp_negmu_noDM_w_slha.pdf>]
<figs/posmu_noDM_m0TeV50_m32TeV1500_chi2.pdf, id=848, 578.16pt x 433.62pt>
File: figs/posmu_noDM_m0TeV50_m32TeV1500_chi2.pdf Graphic file (type pdf)

<use figs/posmu_noDM_m0TeV50_m32TeV1500_chi2.pdf>
Package pdftex.def Info: figs/posmu_noDM_m0TeV50_m32TeV1500_chi2.pdf used on in
put line 263.
(pdftex.def)             Requested size: 578.15858pt x 433.61894pt.

<figs/negmu_noDM_m0TeV50_m32TeV1500_chi2.pdf, id=849, 578.16pt x 433.62pt>
File: figs/negmu_noDM_m0TeV50_m32TeV1500_chi2.pdf Graphic file (type pdf)

<use figs/negmu_noDM_m0TeV50_m32TeV1500_chi2.pdf>
Package pdftex.def Info: figs/negmu_noDM_m0TeV50_m32TeV1500_chi2.pdf used on in
put line 264.
(pdftex.def)             Requested size: 578.15858pt x 433.61894pt.


LaTeX Warning: Citation `pandax' on page 18 undefined on input line 277.


LaTeX Warning: Citation `lux16' on page 18 undefined on input line 277.


LaTeX Warning: Citation `LZ' on page 18 undefined on input line 277.


LaTeX Warning: Citation `XENON1T' on page 18 undefined on input line 277.


LaTeX Warning: Citation `Snowmass' on page 18 undefined on input line 278.


LaTeX Warning: Citation `cancellations' on page 18 undefined on input line 278.



<figs/posmu_noDM_logabsmneu1_SNOW_logssikocm2_SNOW_oh2scaled_chi2.pdf, id=851, 
578.16pt x 433.62pt>
File: figs/posmu_noDM_logabsmneu1_SNOW_logssikocm2_SNOW_oh2scaled_chi2.pdf Grap
hic file (type pdf)

<use figs/posmu_noDM_logabsmneu1_SNOW_logssikocm2_SNOW_oh2scaled_chi2.pdf>
Package pdftex.def Info: figs/posmu_noDM_logabsmneu1_SNOW_logssikocm2_SNOW_oh2s
caled_chi2.pdf used on input line 283.
(pdftex.def)             Requested size: 578.15858pt x 433.61894pt.

<figs/negmu_noDM_logabsmneu1_SNOW_logssikocm2_SNOW_oh2scaled_chi2.pdf, id=852, 
578.16pt x 433.62pt>
File: figs/negmu_noDM_logabsmneu1_SNOW_logssikocm2_SNOW_oh2scaled_chi2.pdf Grap
hic file (type pdf)

<use figs/negmu_noDM_logabsmneu1_SNOW_logssikocm2_SNOW_oh2scaled_chi2.pdf>
Package pdftex.def Info: figs/negmu_noDM_logabsmneu1_SNOW_logssikocm2_SNOW_oh2s
caled_chi2.pdf used on input line 284.
(pdftex.def)             Requested size: 578.15858pt x 433.61894pt.

[18 <./figs/posmu_noDM_m0TeV50_m32TeV1500_chi2.pdf> <./figs/negmu_noDM_m0TeV50_
m32TeV1500_chi2.pdf

pdfTeX warning: pdflatex (file ./figs/negmu_noDM_m0TeV50_m32TeV1500_chi2.pdf): 
PDF inclusion: multiple pdfs with page group included in a single page
>] <figs/RGE.png, id=1334, 402.00188pt x 305.64188pt>
File: figs/RGE.png Graphic file (type png)
 <use figs/RGE.png>
Package pdftex.def Info: figs/RGE.png used on input line 326.
(pdftex.def)             Requested size: 241.20297pt x 183.38652pt.

[19 <./figs/posmu_noDM_logabsmneu1_SNOW_logssikocm2_SNOW_oh2scaled_chi2.pdf> <.
/figs/negmu_noDM_logabsmneu1_SNOW_logssikocm2_SNOW_oh2scaled_chi2.pdf

pdfTeX warning: pdflatex (file ./figs/negmu_noDM_logabsmneu1_SNOW_logssikocm2_S
NOW_oh2scaled_chi2.pdf): PDF inclusion: multiple pdfs with page group included 
in a single page
> <./figs/RGE.png>] [20]

LaTeX Warning: Reference `eq:BL' on page 21 undefined on input line 366.

[21]

LaTeX Warning: Reference `' on page 22 undefined on input line 398.


LaTeX Warning: Reference `chap:CMSSM' on page 22 undefined on input line 398.

<figs/ATLAS_SUSY_Summary.png, id=1597, 3159.805pt x 2287.54625pt>
File: figs/ATLAS_SUSY_Summary.png Graphic file (type png)

<use figs/ATLAS_SUSY_Summary.png>
Package pdftex.def Info: figs/ATLAS_SUSY_Summary.png used on input line 403.
(pdftex.def)             Requested size: 473.9503pt x 343.11714pt.

Overfull \hbox (18.70622pt too wide) in paragraph at lines 403--404
 [] 
 []

<figs/CMS_SUSY_Summary.png, id=1598, 569.12625pt x 385.44pt>
File: figs/CMS_SUSY_Summary.png Graphic file (type png)

<use figs/CMS_SUSY_Summary.png>
Package pdftex.def Info: figs/CMS_SUSY_Summary.png used on input line 410.
(pdftex.def)             Requested size: 398.38567pt x 269.80615pt.
) (./chapters/MFV.tex [22 <./figs/ATLAS_SUSY_Summary.png>] [23 <./figs/CMS_SUSY
_Summary.png>]
Chapter 3.
[24

]
Overfull \hbox (40.09607pt too wide) detected at line 74
[][][] \OT1/cmr/m/n/12 = []
 []


Overfull \hbox (41.15062pt too wide) detected at line 83
[][][] \OT1/cmr/m/n/12 = []
 []

[25] [26] [27] <figs/uut.png, id=1700, 277.035pt x 149.05687pt>
File: figs/uut.png Graphic file (type png)

<use figs/uut.png>
Package pdftex.def Info: figs/uut.png used on input line 168.
(pdftex.def)             Requested size: 193.92317pt x 104.3391pt.
 [28 <./figs/uut.png>]
<figs/uut_CKMFitter.png, id=1712, 569.12625pt x 568.1225pt>
File: figs/uut_CKMFitter.png Graphic file (type png)

<use figs/uut_CKMFitter.png>
Package pdftex.def Info: figs/uut_CKMFitter.png used on input line 182.
(pdftex.def)             Requested size: 284.56242pt x 284.06055pt.
) (./chapters/LHCb.tex [29 <./figs/uut_CKMFitter.png>]
Chapter 4.
<figs/lhc.png, id=1725, 448.67625pt x 328.22626pt>
File: figs/lhc.png Graphic file (type png)
 <use figs/lhc.png>
Package pdftex.def Info: figs/lhc.png used on input line 12.
(pdftex.def)             Requested size: 224.33757pt x 164.11272pt.
 [30

 <./figs/lhc.png (PNG copy)>]

LaTeX Warning: Citation `LHCb-DP-2014-001' on page 31 undefined on input line 4
0.


LaTeX Warning: Citation `LHCb-DP-2013-003' on page 31 undefined on input line 4
3.


LaTeX Warning: Citation `LHCb-DP-2012-003' on page 31 undefined on input line 5
0.


LaTeX Warning: Citation `LHCb-DP-2012-002' on page 31 undefined on input line 5
5.


LaTeX Warning: Citation `LHCb-DP-2012-004' on page 31 undefined on input line 5
6.


Underfull \hbox (badness 2119) in paragraph at lines 35--60
\OT1/cmr/m/n/12 The [] de-tec-tor [[][]55[][], [][]56[][]] is a single-arm for-
ward spec-trom-e-ter cov-er-ing the
 []

<figs/lhcb-slide.jpg, id=1739, 1643.13875pt x 1156.32pt>
File: figs/lhcb-slide.jpg Graphic file (type jpg)

<use figs/lhcb-slide.jpg>
Package pdftex.def Info: figs/lhcb-slide.jpg used on input line 69.
(pdftex.def)             Requested size: 328.62193pt x 231.2599pt.
 [31]
<figs/beampipe.png, id=1752, 534.49687pt x 420.06938pt>
File: figs/beampipe.png Graphic file (type png)

<use figs/beampipe.png>
Package pdftex.def Info: figs/beampipe.png used on input line 82.
(pdftex.def)             Requested size: 320.70059pt x 252.04358pt.
 [32 <./figs/lhcb-slide.jpg>]
<figs/magnet.jpg, id=1760, 1073.00874pt x 452.69125pt>
File: figs/magnet.jpg Graphic file (type jpg)
 <use figs/magnet.jpg>
Package pdftex.def Info: figs/magnet.jpg used on input line 98.
(pdftex.def)             Requested size: 375.55869pt x 158.4443pt.

[33 <./figs/beampipe.png>] <figs/velo.png, id=1770, 2028.8598pt x 1503.6978pt>
File: figs/velo.png Graphic file (type png)

<use figs/velo.png>
Package pdftex.def Info: figs/velo.png used on input line 119.
(pdftex.def)             Requested size: 365.17902pt x 270.65393pt.
 [34 <./figs/magnet.jpg>]
<figs/lhcb_st.png, id=1781, 768.62157pt x 253.69781pt>
File: figs/lhcb_st.png Graphic file (type png)
 <use figs/lhcb_st.png>
Package pdftex.def Info: figs/lhcb_st.png used on input line 133.
(pdftex.def)             Requested size: 461.1765pt x 152.21985pt.

Overfull \hbox (5.93242pt too wide) in paragraph at lines 133--134
 [] 
 []

<figs/OT.jpg, id=1785, 436.63126pt x 413.545pt>
File: figs/OT.jpg Graphic file (type jpg)
 <use figs/OT.jpg>
Package pdftex.def Info: figs/OT.jpg used on input line 146.
(pdftex.def)             Requested size: 174.6494pt x 165.41505pt.
 [35 <./figs/velo.png>] [36 <./figs/lhcb_st.png> <./figs/OT.jpg>]
<figs/RICH.png, id=1802, 275.8305pt x 165.2574pt>
File: figs/RICH.png Graphic file (type png)
 <use figs/RICH.png>
Package pdftex.def Info: figs/RICH.png used on input line 162.
(pdftex.def)             Requested size: 413.74472pt x 247.88545pt.
 [37 <./figs/RICH.png>] <figs/CALO.png, id=1813, 609.77812pt x 174.6525pt>
File: figs/CALO.png Graphic file (type png)

<use figs/CALO.png>
Package pdftex.def Info: figs/CALO.png used on input line 179.
(pdftex.def)             Requested size: 426.84177pt x 122.2559pt.
 [38 <./figs/CALO.png>]
<figs/MUON.png, id=1824, 430.60875pt x 220.57407pt>
File: figs/MUON.png Graphic file (type png)
 <use figs/MUON.png>
Package pdftex.def Info: figs/MUON.png used on input line 203.
(pdftex.def)             Requested size: 430.60768pt x 220.57352pt.

[39 <./figs/MUON.png>] <figs/L0.png, id=1838, 386.19281pt x 373.395pt>
File: figs/L0.png Graphic file (type png)

<use figs/L0.png>
Package pdftex.def Info: figs/L0.png used on input line 231.
(pdftex.def)             Requested size: 270.33311pt x 261.37471pt.
 [40] <figs/HLT.png, id=1851, 654.94687pt x 243.15843pt>
File: figs/HLT.png Graphic file (type png)

<use figs/HLT.png>
Package pdftex.def Info: figs/HLT.png used on input line 246.
(pdftex.def)             Requested size: 458.45969pt x 170.20973pt.

Overfull \hbox (3.2156pt too wide) in paragraph at lines 246--247
 [] 
 []

[41 <./figs/L0.png>] [42 <./figs/HLT.png>]
<figs/TrackTypes.png, id=1866, 434.62375pt x 461.725pt>
File: figs/TrackTypes.png Graphic file (type png)

<use figs/TrackTypes.png>
Package pdftex.def Info: figs/TrackTypes.png used on input line 278.
(pdftex.def)             Requested size: 260.77626pt x 277.03714pt.
 [43 <./figs/TrackTypes.png>]
<figs/Efficiency_p_eta.png, id=1879, 832.61063pt x 286.06876pt>
File: figs/Efficiency_p_eta.png Graphic file (type png)

<use figs/Efficiency_p_eta.png>
Package pdftex.def Info: figs/Efficiency_p_eta.png used on input line 291.
(pdftex.def)             Requested size: 416.30429pt x 143.03403pt.

<figs/Resolution_p.png, id=1883, 420.82219pt x 286.06876pt>
File: figs/Resolution_p.png Graphic file (type png)

<use figs/Resolution_p.png>
Package pdftex.def Info: figs/Resolution_p.png used on input line 302.
(pdftex.def)             Requested size: 210.41057pt x 143.03403pt.
 [44 <./figs/Efficiency_p_eta.png> <./figs/Resolution_p.png>] <figs/PV_IP.png, 
id=1897, 491.58656pt x 164.11313pt>
File: figs/PV_IP.png Graphic file (type png)

<use figs/PV_IP.png>
Package pdftex.def Info: figs/PV_IP.png used on input line 321.
(pdftex.def)             Requested size: 491.58536pt x 164.11272pt.

Overfull \hbox (36.34128pt too wide) in paragraph at lines 321--322
 [] 
 []

[45 <./figs/PV_IP.png>]

LaTeX Warning: Reference `subsec:PID' on page 46 undefined on input line 328.

<figs/PID2.png, id=1907, 599.23875pt x 210.7875pt>
File: figs/PID2.png Graphic file (type png)
 <use figs/PID2.png>
Package pdftex.def Info: figs/PID2.png used on input line 341.
(pdftex.def)             Requested size: 479.39165pt x 168.63022pt.

Overfull \hbox (24.14757pt too wide) in paragraph at lines 341--342
 [] 
 []

[46 <./figs/PID2.png>] <figs/PID3.png, id=1919, 475.7775pt x 322.20375pt>
File: figs/PID3.png Graphic file (type png)

<use figs/PID3.png>
Package pdftex.def Info: figs/PID3.png used on input line 358.
(pdftex.def)             Requested size: 333.04196pt x 225.54108pt.
 <figs/PID4.png, id=1923, 600.74437pt x 211.54031pt>
File: figs/PID4.png Graphic file (type png)

<use figs/PID4.png>
Package pdftex.def Info: figs/PID4.png used on input line 368.
(pdftex.def)             Requested size: 420.51819pt x 148.0772pt.
 <figs/PID5.png, id=1927, 594.72188pt x 553.31718pt>
File: figs/PID5.png Graphic file (type png)

<use figs/PID5.png>
Package pdftex.def Info: figs/PID5.png used on input line 377.
(pdftex.def)             Requested size: 416.30247pt x 387.31938pt.
 [47 <./figs/PID3.png>] [48 <./figs/PID4.png>]
<figs/L0Perf.png, id=1946, 594.72188pt x 207.02344pt>
File: figs/L0Perf.png Graphic file (type png)
 <use figs/L0Perf.png>
Package pdftex.def Info: figs/L0Perf.png used on input line 405.
(pdftex.def)             Requested size: 416.30247pt x 144.9154pt.

[49 <./figs/PID5.png>] <figs/HLT1Perf.png, id=1957, 602.25pt x 207.77625pt>
File: figs/HLT1Perf.png Graphic file (type png)

<use figs/HLT1Perf.png>
Package pdftex.def Info: figs/HLT1Perf.png used on input line 418.
(pdftex.def)             Requested size: 421.57211pt x 145.44237pt.
 [50 <./figs/L0Perf.png> <./figs/HLT1Perf.png>]
<figs/HLT2Perf.png, id=1968, 599.99156pt x 211.54031pt>
File: figs/HLT2Perf.png Graphic file (type png)

<use figs/HLT2Perf.png>
Package pdftex.def Info: figs/HLT2Perf.png used on input line 428.
(pdftex.def)             Requested size: 419.99123pt x 148.0772pt.

<figs/prospects.png, id=1972, 919.18407pt x 341.77687pt>
File: figs/prospects.png Graphic file (type png)

<use figs/prospects.png>
Package pdftex.def Info: figs/prospects.png used on input line 450.
(pdftex.def)             Requested size: 505.5528pt x 187.97786pt.

Overfull \hbox (50.30872pt too wide) in paragraph at lines 450--451
 [] 
 []

[51 <./figs/HLT2Perf.png>]
<figs/VELO_Upgrade.png, id=1986, 560.8453pt x 360.59718pt>
File: figs/VELO_Upgrade.png Graphic file (type png)

<use figs/VELO_Upgrade.png>
Package pdftex.def Info: figs/VELO_Upgrade.png used on input line 473.
(pdftex.def)             Requested size: 392.58904pt x 252.4163pt.
 [52 <./figs/prospects.png>]
<figs/LHCb_upgrade.png, id=1996, 964.60374pt x 608.2725pt>
File: figs/LHCb_upgrade.png Graphic file (type png)

<use figs/LHCb_upgrade.png>
Package pdftex.def Info: figs/LHCb_upgrade.png used on input line 496.
(pdftex.def)             Requested size: 385.83466pt x 243.30469pt.
 [53 <./figs/VELO_Upgrade.png>] [54 <./figs/LHCb_upgrade.png>]) (./chapters/DF2
.tex [55]
Chapter 5.

Package hyperref Warning: Token not allowed in a PDF string (PDFDocEncoding):
(hyperref)                removing `math shift' on input line 1.


Package hyperref Warning: Token not allowed in a PDF string (PDFDocEncoding):
(hyperref)                removing `\Delta' on input line 1.


Package hyperref Warning: Token not allowed in a PDF string (PDFDocEncoding):
(hyperref)                removing `math shift' on input line 1.

[56

]

Package hyperref Warning: Token not allowed in a PDF string (PDFDocEncoding):
(hyperref)                removing `math shift' on input line 37.


Package hyperref Warning: Token not allowed in a PDF string (PDFDocEncoding):
(hyperref)                removing `\phi' on input line 37.


Package hyperref Warning: Token not allowed in a PDF string (PDFDocEncoding):
(hyperref)                removing `subscript' on input line 37.


Package hyperref Warning: Token not allowed in a PDF string (PDFDocEncoding):
(hyperref)                removing `math shift' on input line 37.

<figs/Spring2017_Phis_vs_DGs.png, id=2072, 781.2387pt x 523.2348pt>
File: figs/Spring2017_Phis_vs_DGs.png Graphic file (type png)

<use figs/Spring2017_Phis_vs_DGs.png>
Package pdftex.def Info: figs/Spring2017_Phis_vs_DGs.png used on input line 63.

(pdftex.def)             Requested size: 227.62204pt x 152.44476pt.


LaTeX Warning: `h' float specifier changed to `ht'.

[57]

Package amsmath Warning: Foreign command \over;
(amsmath)                \frac or \genfrac should be used instead
(amsmath)                 on input line 99.

[58 <./figs/Spring2017_Phis_vs_DGs.png>]
Underfull \hbox (badness 1092) in paragraph at lines 111--117
\OT1/cmr/m/n/12 the \OT1/cmtt/m/n/12 StrippingBetaSBs2JpsiPhiDetached Stripping
BetaSBd2JpsiKstDetached \OT1/cmr/m/n/12 and
 []

[59]
Underfull \hbox (badness 10000) in paragraph at lines 192--194

 []


LaTeX Warning: `h' float specifier changed to `ht'.

[60]
Underfull \hbox (badness 10000) in paragraph at lines 233--234
[]\OT1/cmr/m/n/12 HLT1 se-lec-tion: \OT1/cmtt/m/n/12 Jpsi[]Hlt1DiMuonHighMassDe
cision[]TOS \OT1/cmr/m/n/12 or
 []

[61] <figs/bs_2016_FOM.pdf, id=2144, 569.12625pt x 385.44pt>
File: figs/bs_2016_FOM.pdf Graphic file (type pdf)

<use figs/bs_2016_FOM.pdf>
Package pdftex.def Info: figs/bs_2016_FOM.pdf used on input line 268.
(pdftex.def)             Requested size: 223.0721pt x 151.0738pt.

<figs/bs_2016_S_SIGMAS.pdf, id=2145, 569.12625pt x 385.44pt>
File: figs/bs_2016_S_SIGMAS.pdf Graphic file (type pdf)

<use figs/bs_2016_S_SIGMAS.pdf>
Package pdftex.def Info: figs/bs_2016_S_SIGMAS.pdf used on input line 269.
(pdftex.def)             Requested size: 223.0721pt x 151.0738pt.
 [62 <./figs/bs_2016_FOM.pdf, page is rotated 90 degrees> <./figs/bs_2016_S_SIG
MAS.pdf, page is rotated 90 degrees>] [63]
[64] <figs/epsmKK.pdf, id=2268, 569.12625pt x 385.44pt>
File: figs/epsmKK.pdf Graphic file (type pdf)
 <use figs/epsmKK.pdf>
Package pdftex.def Info: figs/epsmKK.pdf used on input line 364.
(pdftex.def)             Requested size: 223.0721pt x 151.0738pt.

<figs/epsmKK_SWave.pdf, id=2269, 569.12625pt x 385.44pt>
File: figs/epsmKK_SWave.pdf Graphic file (type pdf)

<use figs/epsmKK_SWave.pdf>
Package pdftex.def Info: figs/epsmKK_SWave.pdf used on input line 365.
(pdftex.def)             Requested size: 223.0721pt x 151.0738pt.
 [65 <./figs/epsmKK.pdf, page is rotated 90 degrees> <./figs/epsmKK_SWave.pdf, 
page is rotated 90 degrees>] [66]

LaTeX Warning: Citation `LHCb-PAPER-2013-065' on page 67 undefined on input lin
e 465.

[67]

LaTeX Warning: Reference `sec:timereso' on page 68 undefined on input line 497.


[68]

LaTeX Warning: Reference `sec:timeAcc_timeaccBd' on page 69 undefined on input 
line 502.


Package hyperref Warning: Token not allowed in a PDF string (PDFDocEncoding):
(hyperref)                removing `math shift' on input line 504.


Package hyperref Warning: Token not allowed in a PDF string (PDFDocEncoding):
(hyperref)                removing `\tau' on input line 504.


Package hyperref Warning: Token not allowed in a PDF string (PDFDocEncoding):
(hyperref)                removing `superscript' on input line 504.


Package hyperref Warning: Token not allowed in a PDF string (PDFDocEncoding):
(hyperref)                removing `math shift' on input line 504.


LaTeX Warning: Reference `sec:timeAcc_timeaccBd' on page 69 undefined on input 
line 506.


<figs/timeacc/B0_PT_reweighted_SigmaCut.pdf, id=2403, 569.12625pt x 522.95375pt
>
File: figs/timeacc/B0_PT_reweighted_SigmaCut.pdf Graphic file (type pdf)
 <use figs/timeacc/B0_PT_reweighted_SigmaCut.pdf>
Package pdftex.def Info: figs/timeacc/B0_PT_reweighted_SigmaCut.pdf used on inp
ut line 563.
(pdftex.def)             Requested size: 132.01772pt x 121.3062pt.

<figs/timeacc/B0_PT_reweighted_AngleCut.pdf, id=2404, 569.12625pt x 478.78876pt
>
File: figs/timeacc/B0_PT_reweighted_AngleCut.pdf Graphic file (type pdf)
 <use figs/timeacc/B0_PT_reweighted_AngleCut.pdf>
Package pdftex.def Info: figs/timeacc/B0_PT_reweighted_AngleCut.pdf used on inp
ut line 564.
(pdftex.def)             Requested size: 145.68143pt x 122.55342pt.

<figs/timeacc/B0_PT_reweighted_MassCut.pdf, id=2405, 569.12625pt x 521.95pt>
File: figs/timeacc/B0_PT_reweighted_MassCut.pdf Graphic file (type pdf)

<use figs/timeacc/B0_PT_reweighted_MassCut.pdf>
Package pdftex.def Info: figs/timeacc/B0_PT_reweighted_MassCut.pdf used on inpu
t line 565.
(pdftex.def)             Requested size: 141.12454pt x 129.42792pt.

<figs/timeacc/B0_time_fits_reweighted_SigmaCut.pdf, id=2406, 569.12625pt x 385.
44pt>
File: figs/timeacc/B0_time_fits_reweighted_SigmaCut.pdf Graphic file (type pdf)

 <use figs/timeacc/B0_time_fits_reweighted_SigmaCut.pdf>
Package pdftex.def Info: figs/timeacc/B0_time_fits_reweighted_SigmaCut.pdf used
 on input line 574.
(pdftex.def)             Requested size: 182.09485pt x 123.32567pt.

<figs/timeacc/B0_time_fits_reweighted_AngleCut.pdf, id=2407, 569.12625pt x 385.
44pt>
File: figs/timeacc/B0_time_fits_reweighted_AngleCut.pdf Graphic file (type pdf)

 <use figs/timeacc/B0_time_fits_reweighted_AngleCut.pdf>
Package pdftex.def Info: figs/timeacc/B0_time_fits_reweighted_AngleCut.pdf used
 on input line 575.
(pdftex.def)             Requested size: 182.09485pt x 123.32567pt.

<figs/timeacc/B0_time_fits_reweighted_MassCut.pdf, id=2408, 569.12625pt x 385.4
4pt>
File: figs/timeacc/B0_time_fits_reweighted_MassCut.pdf Graphic file (type pdf)
 <use figs/timeacc/B0_time_fits_reweighted_MassCut.pdf>
Package pdftex.def Info: figs/timeacc/B0_time_fits_reweighted_MassCut.pdf used 
on input line 576.
(pdftex.def)             Requested size: 182.09485pt x 123.32567pt.
File: figs/timeacc/B0_time_fits_reweighted_MassCut.pdf Graphic file (type pdf)

<use figs/timeacc/B0_time_fits_reweighted_MassCut.pdf>
Package pdftex.def Info: figs/timeacc/B0_time_fits_reweighted_MassCut.pdf used 
on input line 577.
(pdftex.def)             Requested size: 182.09485pt x 123.32567pt.
 [69]
(/usr/share/texlive/texmf-dist/tex/latex/ucs/data/uni-34.def
File: uni-34.def 2013/05/13 UCS: Unicode data U+2200..U+22FF
)
Underfull \hbox (badness 10000) in paragraph at lines 599--602

 []

[70 <./figs/timeacc/B0_PT_reweighted_SigmaCut.pdf, page is rotated 90 degrees> 
<./figs/timeacc/B0_PT_reweighted_AngleCut.pdf, page is rotated 90 degrees> <./f
igs/timeacc/B0_PT_reweighted_MassCut.pdf, page is rotated 90 degrees>]

LaTeX Warning: `h' float specifier changed to `ht'.

[71 <./figs/timeacc/B0_time_fits_reweighted_SigmaCut.pdf, page is rotated 90 de
grees> <./figs/timeacc/B0_time_fits_reweighted_AngleCut.pdf, page is rotated 90
 degrees> <./figs/timeacc/B0_time_fits_reweighted_MassCut.pdf, page is rotated 
90 degrees>]

LaTeX Warning: Reference `sec:timeacc' on page 72 undefined on input line 647.


LaTeX Warning: Reference `sec:timereso' on page 72 undefined on input line 648.



LaTeX Warning: Reference `sec:angular_acc' on page 72 undefined on input line 6
55.

[72]

LaTeX Warning: Reference `tab:baselinefit' on page 73 undefined on input line 6
64.


LaTeX Warning: Reference `tab:fit_corr_matrix' on page 73 undefined on input li
ne 665.


LaTeX Warning: Reference `fig:results_projections_time' on page 73 undefined on
 input line 667.


LaTeX Warning: Reference `fig:results_projections_angles' on page 73 undefined 
on input line 667.


LaTeX Warning: Reference `fig:LikelihoodScans1' on page 73 undefined on input l
ine 668.


LaTeX Warning: Reference `fig:LikelihoodScans2' on page 73 undefined on input l
ine 668.


LaTeX Warning: Reference `UPDATE WHEN FINAL' on page 73 undefined on input line
 668.

[73] [74] [75]

Package hyperref Warning: Token not allowed in a PDF string (PDFDocEncoding):
(hyperref)                removing `math shift' on input line 826.


Package hyperref Warning: Token not allowed in a PDF string (PDFDocEncoding):
(hyperref)                removing `\phi' on input line 826.


Package hyperref Warning: Token not allowed in a PDF string (PDFDocEncoding):
(hyperref)                removing `subscript' on input line 826.


Package hyperref Warning: Token not allowed in a PDF string (PDFDocEncoding):
(hyperref)                removing `math shift' on input line 826.


LaTeX Warning: Citation `Patrignani:2016xqp' on page 76 undefined on input line
 852.


LaTeX Warning: Citation `C7_constraints' on page 76 undefined on input line 853
.


LaTeX Warning: Citation `Aaboud:2017sjh' on page 76 undefined on input line 855
.

LaTeX Font Info:    Font shape `OT1/cmtt/bx/n' in size <17.28> not available
(Font)              Font shape `OT1/cmtt/m/n' tried instead on input line 864.

Package hyperref Warning: Token not allowed in a PDF string (PDFDocEncoding):
(hyperref)                removing `math shift' on input line 864.


Package hyperref Warning: Token not allowed in a PDF string (PDFDocEncoding):
(hyperref)                removing `\phi' on input line 864.


Package hyperref Warning: Token not allowed in a PDF string (PDFDocEncoding):
(hyperref)                removing `subscript' on input line 864.


Package hyperref Warning: Token not allowed in a PDF string (PDFDocEncoding):
(hyperref)                removing `math shift' on input line 864.

<figs/DG.png, id=2724, 413.3844pt x 315.0972pt>
File: figs/DG.png Graphic file (type png)
 <use figs/DG.png>
Package pdftex.def Info: figs/DG.png used on input line 876.
(pdftex.def)             Requested size: 223.0721pt x 170.03455pt.

<figs/Dm.png, id=2725, 416.2752pt x 315.0972pt>
File: figs/Dm.png Graphic file (type png)
 <use figs/Dm.png>
Package pdftex.def Info: figs/Dm.png used on input line 877.
(pdftex.def)             Requested size: 223.0721pt x 168.8566pt.
 [76]
<figs/lambda_0_abs.png, id=2736, 404.712pt x 315.0972pt>
File: figs/lambda_0_abs.png Graphic file (type png)

<use figs/lambda_0_abs.png>
Package pdftex.def Info: figs/lambda_0_abs.png used on input line 878.
(pdftex.def)             Requested size: 223.0721pt x 173.679pt.
 <figs/phis_0.png, id=2737, 404.712pt x 315.0972pt>
File: figs/phis_0.png Graphic file (type png)

<use figs/phis_0.png>
Package pdftex.def Info: figs/phis_0.png used on input line 879.
(pdftex.def)             Requested size: 223.0721pt x 173.679pt.
 <figs/fL.png, id=2738, 404.712pt x 315.0972pt>
File: figs/fL.png Graphic file (type png)

<use figs/fL.png>
Package pdftex.def Info: figs/fL.png used on input line 880.
(pdftex.def)             Requested size: 223.0721pt x 173.679pt.
 <figs/fpe.png, id=2739, 404.712pt x 315.0972pt>
File: figs/fpe.png Graphic file (type png)

<use figs/fpe.png>
Package pdftex.def Info: figs/fpe.png used on input line 881.
(pdftex.def)             Requested size: 223.0721pt x 173.679pt.
 <figs/dpa.png, id=2740, 404.712pt x 315.0972pt>
File: figs/dpa.png Graphic file (type png)

<use figs/dpa.png>
Package pdftex.def Info: figs/dpa.png used on input line 882.
(pdftex.def)             Requested size: 223.0721pt x 173.679pt.
 <figs/dpe.png, id=2741, 404.712pt x 315.0972pt>
File: figs/dpe.png Graphic file (type png)

<use figs/dpe.png>
Package pdftex.def Info: figs/dpe.png used on input line 883.
(pdftex.def)             Requested size: 223.0721pt x 173.679pt.
 [77 <./figs/DG.png> <./figs/Dm.png> <./figs/lambda_0_abs.png> <./figs/phis_0.p
ng> <./figs/fL.png> <./figs/fpe.png>]
<figs/Fs_2.png, id=2752, 404.712pt x 315.0972pt>
File: figs/Fs_2.png Graphic file (type png)
 <use figs/Fs_2.png>
Package pdftex.def Info: figs/Fs_2.png used on input line 884.
(pdftex.def)             Requested size: 223.0721pt x 173.679pt.

<figs/Fs_3.png, id=2753, 404.712pt x 315.0972pt>
File: figs/Fs_3.png Graphic file (type png)
 <use figs/Fs_3.png>
Package pdftex.def Info: figs/Fs_3.png used on input line 885.
(pdftex.def)             Requested size: 223.0721pt x 173.679pt.

<figs/Fs_4.png, id=2754, 404.712pt x 315.0972pt>
File: figs/Fs_4.png Graphic file (type png)
 <use figs/Fs_4.png>
Package pdftex.def Info: figs/Fs_4.png used on input line 886.
(pdftex.def)             Requested size: 223.0721pt x 173.679pt.

<figs/Fs_5.png, id=2755, 408.3255pt x 315.0972pt>
File: figs/Fs_5.png Graphic file (type png)
 <use figs/Fs_5.png>
Package pdftex.def Info: figs/Fs_5.png used on input line 887.
(pdftex.def)             Requested size: 223.0721pt x 172.14526pt.

<figs/ds_m_dpe_2.png, id=2756, 404.712pt x 315.0972pt>
File: figs/ds_m_dpe_2.png Graphic file (type png)

<use figs/ds_m_dpe_2.png>
Package pdftex.def Info: figs/ds_m_dpe_2.png used on input line 888.
(pdftex.def)             Requested size: 223.0721pt x 173.679pt.

<figs/ds_m_dpe_3.png, id=2757, 404.712pt x 315.0972pt>
File: figs/ds_m_dpe_3.png Graphic file (type png)

<use figs/ds_m_dpe_3.png>
Package pdftex.def Info: figs/ds_m_dpe_3.png used on input line 889.
(pdftex.def)             Requested size: 223.0721pt x 173.679pt.
 [78 <./figs/dpa.png> <./figs/dpe.png> <./figs/Fs_2.png> <./figs/Fs_3.png> <./f
igs/Fs_4.png> <./figs/Fs_5.png>]
<figs/ds_m_dpe_4.png, id=2768, 404.712pt x 315.0972pt>
File: figs/ds_m_dpe_4.png Graphic file (type png)

<use figs/ds_m_dpe_4.png>
Package pdftex.def Info: figs/ds_m_dpe_4.png used on input line 890.
(pdftex.def)             Requested size: 223.0721pt x 173.679pt.

<figs/ds_m_dpe_5.png, id=2769, 404.712pt x 315.0972pt>
File: figs/ds_m_dpe_5.png Graphic file (type png)

<use figs/ds_m_dpe_5.png>
Package pdftex.def Info: figs/ds_m_dpe_5.png used on input line 891.
(pdftex.def)             Requested size: 223.0721pt x 173.679pt.

<figs/DG_vs_Dm.png, id=2770, 435.0654pt x 320.1561pt>
File: figs/DG_vs_Dm.png Graphic file (type png)
 <use figs/DG_vs_Dm.png>
Package pdftex.def Info: figs/DG_vs_Dm.png used on input line 896.
(pdftex.def)             Requested size: 223.0721pt x 164.15189pt.

<figs/DG_vs_dpa.png, id=2771, 422.0568pt x 320.1561pt>
File: figs/DG_vs_dpa.png Graphic file (type png)

<use figs/DG_vs_dpa.png>
Package pdftex.def Info: figs/DG_vs_dpa.png used on input line 897.
(pdftex.def)             Requested size: 223.0721pt x 169.21294pt.

<figs/DG_vs_dpe.png, id=2772, 430.0065pt x 320.1561pt>
File: figs/DG_vs_dpe.png Graphic file (type png)

<use figs/DG_vs_dpe.png>
Package pdftex.def Info: figs/DG_vs_dpe.png used on input line 898.
(pdftex.def)             Requested size: 223.0721pt x 166.08643pt.
 <figs/DG_vs_fL.png, id=2773, 428.5611pt x 320.1561pt>
File: figs/DG_vs_fL.png Graphic file (type png)

<use figs/DG_vs_fL.png>
Package pdftex.def Info: figs/DG_vs_fL.png used on input line 899.
(pdftex.def)             Requested size: 223.0721pt x 166.64821pt.
 [79 <./figs/ds_m_dpe_2.png> <./figs/ds_m_dpe_3.png> <./figs/ds_m_dpe_4.png> <.
/figs/ds_m_dpe_5.png> <./figs/DG_vs_Dm.png> <./figs/DG_vs_dpa.png>]
File: figs/DG_vs_dpa.png Graphic file (type png)
 <use figs/DG_vs_dpa.png>
Package pdftex.def Info: figs/DG_vs_dpa.png used on input line 900.
(pdftex.def)             Requested size: 223.0721pt x 169.21294pt.

<figs/DG_vs_fpe.png, id=2785, 428.5611pt x 320.1561pt>
File: figs/DG_vs_fpe.png Graphic file (type png)

<use figs/DG_vs_fpe.png>
Package pdftex.def Info: figs/DG_vs_fpe.png used on input line 901.
(pdftex.def)             Requested size: 223.0721pt x 166.64821pt.

<figs/DG_vs_lambda_0_abs.png, id=2786, 428.5611pt x 320.1561pt>
File: figs/DG_vs_lambda_0_abs.png Graphic file (type png)

<use figs/DG_vs_lambda_0_abs.png>
Package pdftex.def Info: figs/DG_vs_lambda_0_abs.png used on input line 902.
(pdftex.def)             Requested size: 223.0721pt x 166.64821pt.

<figs/DG_vs_phis_0.png, id=2787, 430.7292pt x 320.1561pt>
File: figs/DG_vs_phis_0.png Graphic file (type png)

<use figs/DG_vs_phis_0.png>
Package pdftex.def Info: figs/DG_vs_phis_0.png used on input line 903.
(pdftex.def)             Requested size: 223.0721pt x 165.80797pt.

<figs/Dm_vs_dpa.png, id=2788, 422.0568pt x 320.1561pt>
File: figs/Dm_vs_dpa.png Graphic file (type png)

<use figs/Dm_vs_dpa.png>
Package pdftex.def Info: figs/Dm_vs_dpa.png used on input line 904.
(pdftex.def)             Requested size: 223.0721pt x 169.21294pt.

<figs/Dm_vs_dpe.png, id=2789, 430.0065pt x 320.1561pt>
File: figs/Dm_vs_dpe.png Graphic file (type png)

<use figs/Dm_vs_dpe.png>
Package pdftex.def Info: figs/Dm_vs_dpe.png used on input line 905.
(pdftex.def)             Requested size: 223.0721pt x 166.08643pt.
 [80 <./figs/DG_vs_dpe.png> <./figs/DG_vs_fL.png> <./figs/DG_vs_fpe.png> <./fig
s/DG_vs_lambda_0_abs.png> <./figs/DG_vs_phis_0.png>]
<figs/Dm_vs_fL.png, id=2799, 428.5611pt x 320.1561pt>
File: figs/Dm_vs_fL.png Graphic file (type png)
 <use figs/Dm_vs_fL.png>
Package pdftex.def Info: figs/Dm_vs_fL.png used on input line 906.
(pdftex.def)             Requested size: 223.0721pt x 166.64821pt.

<figs/Dm_vs_lambda_0_abs.png, id=2800, 428.5611pt x 320.1561pt>
File: figs/Dm_vs_lambda_0_abs.png Graphic file (type png)

<use figs/Dm_vs_lambda_0_abs.png>
Package pdftex.def Info: figs/Dm_vs_lambda_0_abs.png used on input line 907.
(pdftex.def)             Requested size: 223.0721pt x 166.64821pt.

<figs/dpa_vs_fL.png, id=2801, 428.5611pt x 320.1561pt>
File: figs/dpa_vs_fL.png Graphic file (type png)

<use figs/dpa_vs_fL.png>
Package pdftex.def Info: figs/dpa_vs_fL.png used on input line 908.
(pdftex.def)             Requested size: 223.0721pt x 166.64821pt.

<figs/Dm_vs_phis_0.png, id=2802, 430.7292pt x 320.1561pt>
File: figs/Dm_vs_phis_0.png Graphic file (type png)

<use figs/Dm_vs_phis_0.png>
Package pdftex.def Info: figs/Dm_vs_phis_0.png used on input line 909.
(pdftex.def)             Requested size: 223.0721pt x 165.80797pt.

<figs/dpe_vs_dpa.png, id=2803, 422.0568pt x 320.1561pt>
File: figs/dpe_vs_dpa.png Graphic file (type png)

<use figs/dpe_vs_dpa.png>
Package pdftex.def Info: figs/dpe_vs_dpa.png used on input line 910.
(pdftex.def)             Requested size: 223.0721pt x 169.21294pt.

<figs/dpe_vs_fL.png, id=2804, 428.5611pt x 320.1561pt>
File: figs/dpe_vs_fL.png Graphic file (type png)

<use figs/dpe_vs_fL.png>
Package pdftex.def Info: figs/dpe_vs_fL.png used on input line 911.
(pdftex.def)             Requested size: 223.0721pt x 166.64821pt.
 [81 <./figs/Dm_vs_dpa.png> <./figs/Dm_vs_dpe.png> <./figs/Dm_vs_fL.png> <./fig
s/Dm_vs_lambda_0_abs.png> <./figs/dpa_vs_fL.png> <./figs/Dm_vs_phis_0.png>] <fi
gs/fpe_vs_Dm.png, id=2815, 435.0654pt x 320.1561pt>
File: figs/fpe_vs_Dm.png Graphic file (type png)

<use figs/fpe_vs_Dm.png>
Package pdftex.def Info: figs/fpe_vs_Dm.png used on input line 912.
(pdftex.def)             Requested size: 223.0721pt x 164.15189pt.

<figs/fpe_vs_dpa.png, id=2816, 422.0568pt x 320.1561pt>
File: figs/fpe_vs_dpa.png Graphic file (type png)

<use figs/fpe_vs_dpa.png>
Package pdftex.def Info: figs/fpe_vs_dpa.png used on input line 913.
(pdftex.def)             Requested size: 223.0721pt x 169.21294pt.

<figs/fpe_vs_dpe.png, id=2817, 430.0065pt x 320.1561pt>
File: figs/fpe_vs_dpe.png Graphic file (type png)

<use figs/fpe_vs_dpe.png>
Package pdftex.def Info: figs/fpe_vs_dpe.png used on input line 914.
(pdftex.def)             Requested size: 223.0721pt x 166.08643pt.

<figs/fpe_vs_fL.png, id=2818, 428.5611pt x 320.1561pt>
File: figs/fpe_vs_fL.png Graphic file (type png)

<use figs/fpe_vs_fL.png>
Package pdftex.def Info: figs/fpe_vs_fL.png used on input line 915.
(pdftex.def)             Requested size: 223.0721pt x 166.64821pt.

<figs/fpe_vs_lambda_0_abs.png, id=2819, 428.5611pt x 320.1561pt>
File: figs/fpe_vs_lambda_0_abs.png Graphic file (type png)

<use figs/fpe_vs_lambda_0_abs.png>
Package pdftex.def Info: figs/fpe_vs_lambda_0_abs.png used on input line 916.
(pdftex.def)             Requested size: 223.0721pt x 166.64821pt.

<figs/fpe_vs_phis_0.png, id=2820, 430.7292pt x 320.1561pt>
File: figs/fpe_vs_phis_0.png Graphic file (type png)

<use figs/fpe_vs_phis_0.png>
Package pdftex.def Info: figs/fpe_vs_phis_0.png used on input line 917.
(pdftex.def)             Requested size: 223.0721pt x 165.80797pt.
 [82 <./figs/dpe_vs_dpa.png> <./figs/dpe_vs_fL.png> <./figs/fpe_vs_Dm.png> <./f
igs/fpe_vs_dpa.png> <./figs/fpe_vs_dpe.png> <./figs/fpe_vs_fL.png>]
<figs/lambda_0_abs_vs_dpa.png, id=2831, 422.0568pt x 320.8788pt>
File: figs/lambda_0_abs_vs_dpa.png Graphic file (type png)

<use figs/lambda_0_abs_vs_dpa.png>
Package pdftex.def Info: figs/lambda_0_abs_vs_dpa.png used on input line 918.
(pdftex.def)             Requested size: 223.0721pt x 169.59491pt.

<figs/lambda_0_abs_vs_dpe.png, id=2832, 430.0065pt x 320.8788pt>
File: figs/lambda_0_abs_vs_dpe.png Graphic file (type png)

<use figs/lambda_0_abs_vs_dpe.png>
Package pdftex.def Info: figs/lambda_0_abs_vs_dpe.png used on input line 919.
(pdftex.def)             Requested size: 223.0721pt x 166.46133pt.

<figs/lambda_0_abs_vs_fL.png, id=2833, 428.5611pt x 320.8788pt>
File: figs/lambda_0_abs_vs_fL.png Graphic file (type png)

<use figs/lambda_0_abs_vs_fL.png>
Package pdftex.def Info: figs/lambda_0_abs_vs_fL.png used on input line 920.
(pdftex.def)             Requested size: 223.0721pt x 167.0244pt.

<figs/phis_0_vs_dpa.png, id=2834, 422.0568pt x 320.8788pt>
File: figs/phis_0_vs_dpa.png Graphic file (type png)

<use figs/phis_0_vs_dpa.png>
Package pdftex.def Info: figs/phis_0_vs_dpa.png used on input line 921.
(pdftex.def)             Requested size: 223.0721pt x 169.59491pt.

<figs/phis_0_vs_dpe.png, id=2835, 430.0065pt x 320.8788pt>
File: figs/phis_0_vs_dpe.png Graphic file (type png)

<use figs/phis_0_vs_dpe.png>
Package pdftex.def Info: figs/phis_0_vs_dpe.png used on input line 922.
(pdftex.def)             Requested size: 223.0721pt x 166.46133pt.

<figs/phis_0_vs_fL.png, id=2836, 428.5611pt x 320.8788pt>
File: figs/phis_0_vs_fL.png Graphic file (type png)

<use figs/phis_0_vs_fL.png>
Package pdftex.def Info: figs/phis_0_vs_fL.png used on input line 923.
(pdftex.def)             Requested size: 223.0721pt x 167.0244pt.
 [83 <./figs/fpe_vs_lambda_0_abs.png> <./figs/fpe_vs_phis_0.png> <./figs/lambda
_0_abs_vs_dpa.png> <./figs/lambda_0_abs_vs_dpe.png> <./figs/lambda_0_abs_vs_fL.
png> <./figs/phis_0_vs_dpa.png>]
<figs/phis_0_vs_lambda_0_abs.png, id=2848, 428.5611pt x 320.8788pt>
File: figs/phis_0_vs_lambda_0_abs.png Graphic file (type png)

<use figs/phis_0_vs_lambda_0_abs.png>
Package pdftex.def Info: figs/phis_0_vs_lambda_0_abs.png used on input line 924
.
(pdftex.def)             Requested size: 223.0721pt x 167.0244pt.
LaTeX Font Info:    Font shape `OT1/cmtt/bx/n' in size <14.4> not available
(Font)              Font shape `OT1/cmtt/m/n' tried instead on input line 940.


LaTeX Warning: Reference `sec:MultiNest' on page 84 undefined on input line 941
.

[84 <./figs/phis_0_vs_dpe.png> <./figs/phis_0_vs_fL.png> <./figs/phis_0_vs_lamb
da_0_abs.png>]
LaTeX Font Info:    Font shape `OMS/cmr/m/n' in size <10.95> not available
(Font)              Font shape `OMS/cmsy/m/n' tried instead on input line 970.
 [85]) [86] [87


]pdfTeX warning (ext4): destination with the same identifier (name{page.87}) ha
s been already used, duplicate ignored
<to be read again> 
                   \relax 
l.223 \cleardoublepage
                       [87

] (./appendices/app_MCOBS.tex
Appendix A.
LaTeX Font Info:    Font shape `OT1/cmtt/bx/n' in size <24.88> not available
(Font)              Font shape `OT1/cmtt/m/n' tried instead on input line 3.

Underfull \hbox (badness 10000) in paragraph at lines 42--43
[]\OT1/cmr/m/n/10.95 For the sfermion, the mass terms are given in the MSSM La-
grangian
 []

[88


] [89] [90] [91] [92]) (./appendices/app_bootstrapping.tex [93]
Appendix B.
<figs/MCVars/fL_var.pdf, id=2947, 569.12625pt x 385.44pt>
File: figs/MCVars/fL_var.pdf Graphic file (type pdf)

<use figs/MCVars/fL_var.pdf>
Package pdftex.def Info: figs/MCVars/fL_var.pdf used on input line 11.
(pdftex.def)             Requested size: 136.5746pt x 92.49573pt.

<figs/MCVars/fpe_var.pdf, id=2948, 569.12625pt x 385.44pt>
File: figs/MCVars/fpe_var.pdf Graphic file (type pdf)

<use figs/MCVars/fpe_var.pdf>
Package pdftex.def Info: figs/MCVars/fpe_var.pdf used on input line 12.
(pdftex.def)             Requested size: 136.5746pt x 92.49573pt.

<figs/MCVars/phis_0_var.pdf, id=2949, 569.12625pt x 385.44pt>
File: figs/MCVars/phis_0_var.pdf Graphic file (type pdf)

<use figs/MCVars/phis_0_var.pdf>
Package pdftex.def Info: figs/MCVars/phis_0_var.pdf used on input line 13.
(pdftex.def)             Requested size: 136.5746pt x 92.49573pt.

<figs/MCVars/dpe_var.pdf, id=2950, 569.12625pt x 385.44pt>
File: figs/MCVars/dpe_var.pdf Graphic file (type pdf)

<use figs/MCVars/dpe_var.pdf>
Package pdftex.def Info: figs/MCVars/dpe_var.pdf used on input line 14.
(pdftex.def)             Requested size: 136.5746pt x 92.49573pt.

<figs/MCVars/dpa_var.pdf, id=2951, 569.12625pt x 385.44pt>
File: figs/MCVars/dpa_var.pdf Graphic file (type pdf)

<use figs/MCVars/dpa_var.pdf>
Package pdftex.def Info: figs/MCVars/dpa_var.pdf used on input line 15.
(pdftex.def)             Requested size: 136.5746pt x 92.49573pt.

<figs/MCVars/lambda_0_abs_var.pdf, id=2952, 569.12625pt x 385.44pt>
File: figs/MCVars/lambda_0_abs_var.pdf Graphic file (type pdf)

<use figs/MCVars/lambda_0_abs_var.pdf>
Package pdftex.def Info: figs/MCVars/lambda_0_abs_var.pdf used on input line 16
.
(pdftex.def)             Requested size: 136.5746pt x 92.49573pt.

<figs/MCVars/G_var.pdf, id=2953, 569.12625pt x 385.44pt>
File: figs/MCVars/G_var.pdf Graphic file (type pdf)

<use figs/MCVars/G_var.pdf>
Package pdftex.def Info: figs/MCVars/G_var.pdf used on input line 17.
(pdftex.def)             Requested size: 136.5746pt x 92.49573pt.

<figs/MCVars/DG_var.pdf, id=2954, 569.12625pt x 385.44pt>
File: figs/MCVars/DG_var.pdf Graphic file (type pdf)

<use figs/MCVars/DG_var.pdf>
Package pdftex.def Info: figs/MCVars/DG_var.pdf used on input line 18.
(pdftex.def)             Requested size: 136.5746pt x 92.49573pt.

<figs/MCVars/Dm_var.pdf, id=2955, 569.12625pt x 385.44pt>
File: figs/MCVars/Dm_var.pdf Graphic file (type pdf)

<use figs/MCVars/Dm_var.pdf>
Package pdftex.def Info: figs/MCVars/Dm_var.pdf used on input line 19.
(pdftex.def)             Requested size: 136.5746pt x 92.49573pt.

<figs/MCPulls/fL_pull.pdf, id=2956, 569.12625pt x 385.44pt>
File: figs/MCPulls/fL_pull.pdf Graphic file (type pdf)

<use figs/MCPulls/fL_pull.pdf>
Package pdftex.def Info: figs/MCPulls/fL_pull.pdf used on input line 29.
(pdftex.def)             Requested size: 136.5746pt x 92.49573pt.

<figs/MCPulls/fpe_pull.pdf, id=2957, 569.12625pt x 385.44pt>
File: figs/MCPulls/fpe_pull.pdf Graphic file (type pdf)

<use figs/MCPulls/fpe_pull.pdf>
Package pdftex.def Info: figs/MCPulls/fpe_pull.pdf used on input line 30.
(pdftex.def)             Requested size: 136.5746pt x 92.49573pt.

<figs/MCPulls/phis_0_pull.pdf, id=2958, 569.12625pt x 385.44pt>
File: figs/MCPulls/phis_0_pull.pdf Graphic file (type pdf)

<use figs/MCPulls/phis_0_pull.pdf>
Package pdftex.def Info: figs/MCPulls/phis_0_pull.pdf used on input line 31.
(pdftex.def)             Requested size: 136.5746pt x 92.49573pt.

<figs/MCPulls/dpe_pull.pdf, id=2959, 569.12625pt x 385.44pt>
File: figs/MCPulls/dpe_pull.pdf Graphic file (type pdf)

<use figs/MCPulls/dpe_pull.pdf>
Package pdftex.def Info: figs/MCPulls/dpe_pull.pdf used on input line 32.
(pdftex.def)             Requested size: 136.5746pt x 92.49573pt.

<figs/MCPulls/dpa_pull.pdf, id=2960, 569.12625pt x 385.44pt>
File: figs/MCPulls/dpa_pull.pdf Graphic file (type pdf)

<use figs/MCPulls/dpa_pull.pdf>
Package pdftex.def Info: figs/MCPulls/dpa_pull.pdf used on input line 33.
(pdftex.def)             Requested size: 136.5746pt x 92.49573pt.

<figs/MCPulls/lambda_0_abs_pull.pdf, id=2961, 569.12625pt x 385.44pt>
File: figs/MCPulls/lambda_0_abs_pull.pdf Graphic file (type pdf)

<use figs/MCPulls/lambda_0_abs_pull.pdf>
Package pdftex.def Info: figs/MCPulls/lambda_0_abs_pull.pdf used on input line 
34.
(pdftex.def)             Requested size: 136.5746pt x 92.49573pt.

<figs/MCPulls/G_pull.pdf, id=2962, 569.12625pt x 385.44pt>
File: figs/MCPulls/G_pull.pdf Graphic file (type pdf)

<use figs/MCPulls/G_pull.pdf>
Package pdftex.def Info: figs/MCPulls/G_pull.pdf used on input line 35.
(pdftex.def)             Requested size: 136.5746pt x 92.49573pt.

<figs/MCPulls/DG_pull.pdf, id=2963, 569.12625pt x 385.44pt>
File: figs/MCPulls/DG_pull.pdf Graphic file (type pdf)

<use figs/MCPulls/DG_pull.pdf>
Package pdftex.def Info: figs/MCPulls/DG_pull.pdf used on input line 36.
(pdftex.def)             Requested size: 136.5746pt x 92.49573pt.

<figs/MCPulls/Dm_pull.pdf, id=2964, 569.12625pt x 385.44pt>
File: figs/MCPulls/Dm_pull.pdf Graphic file (type pdf)

<use figs/MCPulls/Dm_pull.pdf>
Package pdftex.def Info: figs/MCPulls/Dm_pull.pdf used on input line 37.
(pdftex.def)             Requested size: 136.5746pt x 92.49573pt.

<figs/DataVars/fL_var.pdf, id=2965, 569.12625pt x 385.44pt>
File: figs/DataVars/fL_var.pdf Graphic file (type pdf)

<use figs/DataVars/fL_var.pdf>
Package pdftex.def Info: figs/DataVars/fL_var.pdf used on input line 48.
(pdftex.def)             Requested size: 136.5746pt x 92.49573pt.

<figs/DataVars/fpe_var.pdf, id=2966, 569.12625pt x 385.44pt>
File: figs/DataVars/fpe_var.pdf Graphic file (type pdf)

<use figs/DataVars/fpe_var.pdf>
Package pdftex.def Info: figs/DataVars/fpe_var.pdf used on input line 49.
(pdftex.def)             Requested size: 136.5746pt x 92.49573pt.

<figs/DataVars/phis_0_var.pdf, id=2967, 569.12625pt x 385.44pt>
File: figs/DataVars/phis_0_var.pdf Graphic file (type pdf)

<use figs/DataVars/phis_0_var.pdf>
Package pdftex.def Info: figs/DataVars/phis_0_var.pdf used on input line 50.
(pdftex.def)             Requested size: 136.5746pt x 92.49573pt.

<figs/DataVars/dpe_var.pdf, id=2968, 569.12625pt x 385.44pt>
File: figs/DataVars/dpe_var.pdf Graphic file (type pdf)

<use figs/DataVars/dpe_var.pdf>
Package pdftex.def Info: figs/DataVars/dpe_var.pdf used on input line 51.
(pdftex.def)             Requested size: 136.5746pt x 92.49573pt.

<figs/DataVars/dpa_var.pdf, id=2969, 569.12625pt x 385.44pt>
File: figs/DataVars/dpa_var.pdf Graphic file (type pdf)

<use figs/DataVars/dpa_var.pdf>
Package pdftex.def Info: figs/DataVars/dpa_var.pdf used on input line 52.
(pdftex.def)             Requested size: 136.5746pt x 92.49573pt.

<figs/DataVars/lambda_0_abs_var.pdf, id=2970, 569.12625pt x 385.44pt>
File: figs/DataVars/lambda_0_abs_var.pdf Graphic file (type pdf)

<use figs/DataVars/lambda_0_abs_var.pdf>
Package pdftex.def Info: figs/DataVars/lambda_0_abs_var.pdf used on input line 
53.
(pdftex.def)             Requested size: 136.5746pt x 92.49573pt.

<figs/DataVars/G_var.pdf, id=2971, 569.12625pt x 385.44pt>
File: figs/DataVars/G_var.pdf Graphic file (type pdf)

<use figs/DataVars/G_var.pdf>
Package pdftex.def Info: figs/DataVars/G_var.pdf used on input line 54.
(pdftex.def)             Requested size: 136.5746pt x 92.49573pt.

<figs/DataVars/DG_var.pdf, id=2972, 569.12625pt x 385.44pt>
File: figs/DataVars/DG_var.pdf Graphic file (type pdf)

<use figs/DataVars/DG_var.pdf>
Package pdftex.def Info: figs/DataVars/DG_var.pdf used on input line 55.
(pdftex.def)             Requested size: 136.5746pt x 92.49573pt.

<figs/DataVars/Dm_var.pdf, id=2973, 569.12625pt x 385.44pt>
File: figs/DataVars/Dm_var.pdf Graphic file (type pdf)

<use figs/DataVars/Dm_var.pdf>
Package pdftex.def Info: figs/DataVars/Dm_var.pdf used on input line 56.
(pdftex.def)             Requested size: 136.5746pt x 92.49573pt.

<figs/DataVars/ds_m_dpe_1_var.pdf, id=2974, 569.12625pt x 385.44pt>
File: figs/DataVars/ds_m_dpe_1_var.pdf Graphic file (type pdf)

<use figs/DataVars/ds_m_dpe_1_var.pdf>
Package pdftex.def Info: figs/DataVars/ds_m_dpe_1_var.pdf used on input line 57
.
(pdftex.def)             Requested size: 136.5746pt x 92.49573pt.

<figs/DataVars/ds_m_dpe_2_var.pdf, id=2975, 569.12625pt x 385.44pt>
File: figs/DataVars/ds_m_dpe_2_var.pdf Graphic file (type pdf)

<use figs/DataVars/ds_m_dpe_2_var.pdf>
Package pdftex.def Info: figs/DataVars/ds_m_dpe_2_var.pdf used on input line 58
.
(pdftex.def)             Requested size: 136.5746pt x 92.49573pt.

<figs/DataVars/ds_m_dpe_3_var.pdf, id=2976, 569.12625pt x 385.44pt>
File: figs/DataVars/ds_m_dpe_3_var.pdf Graphic file (type pdf)

<use figs/DataVars/ds_m_dpe_3_var.pdf>
Package pdftex.def Info: figs/DataVars/ds_m_dpe_3_var.pdf used on input line 59
.
(pdftex.def)             Requested size: 136.5746pt x 92.49573pt.

<figs/DataVars/ds_m_dpe_4_var.pdf, id=2977, 569.12625pt x 385.44pt>
File: figs/DataVars/ds_m_dpe_4_var.pdf Graphic file (type pdf)

<use figs/DataVars/ds_m_dpe_4_var.pdf>
Package pdftex.def Info: figs/DataVars/ds_m_dpe_4_var.pdf used on input line 60
.
(pdftex.def)             Requested size: 136.5746pt x 92.49573pt.

<figs/DataVars/ds_m_dpe_5_var.pdf, id=2978, 569.12625pt x 385.44pt>
File: figs/DataVars/ds_m_dpe_5_var.pdf Graphic file (type pdf)

<use figs/DataVars/ds_m_dpe_5_var.pdf>
Package pdftex.def Info: figs/DataVars/ds_m_dpe_5_var.pdf used on input line 61
.
(pdftex.def)             Requested size: 136.5746pt x 92.49573pt.

<figs/DataVars/ds_m_dpe_6_var.pdf, id=2979, 569.12625pt x 385.44pt>
File: figs/DataVars/ds_m_dpe_6_var.pdf Graphic file (type pdf)

<use figs/DataVars/ds_m_dpe_6_var.pdf>
Package pdftex.def Info: figs/DataVars/ds_m_dpe_6_var.pdf used on input line 62
.
(pdftex.def)             Requested size: 136.5746pt x 92.49573pt.

<figs/DataVars/Fs_1_var.pdf, id=2980, 569.12625pt x 385.44pt>
File: figs/DataVars/Fs_1_var.pdf Graphic file (type pdf)

<use figs/DataVars/Fs_1_var.pdf>
Package pdftex.def Info: figs/DataVars/Fs_1_var.pdf used on input line 63.
(pdftex.def)             Requested size: 136.5746pt x 92.49573pt.

<figs/DataVars/Fs_2_var.pdf, id=2981, 569.12625pt x 385.44pt>
File: figs/DataVars/Fs_2_var.pdf Graphic file (type pdf)

<use figs/DataVars/Fs_2_var.pdf>
Package pdftex.def Info: figs/DataVars/Fs_2_var.pdf used on input line 64.
(pdftex.def)             Requested size: 136.5746pt x 92.49573pt.

<figs/DataVars/Fs_3_var.pdf, id=2982, 569.12625pt x 385.44pt>
File: figs/DataVars/Fs_3_var.pdf Graphic file (type pdf)

<use figs/DataVars/Fs_3_var.pdf>
Package pdftex.def Info: figs/DataVars/Fs_3_var.pdf used on input line 65.
(pdftex.def)             Requested size: 136.5746pt x 92.49573pt.

<figs/DataVars/Fs_4_var.pdf, id=2983, 569.12625pt x 385.44pt>
File: figs/DataVars/Fs_4_var.pdf Graphic file (type pdf)

<use figs/DataVars/Fs_4_var.pdf>
Package pdftex.def Info: figs/DataVars/Fs_4_var.pdf used on input line 66.
(pdftex.def)             Requested size: 136.5746pt x 92.49573pt.

<figs/DataVars/Fs_5_var.pdf, id=2984, 569.12625pt x 385.44pt>
File: figs/DataVars/Fs_5_var.pdf Graphic file (type pdf)

<use figs/DataVars/Fs_5_var.pdf>
Package pdftex.def Info: figs/DataVars/Fs_5_var.pdf used on input line 67.
(pdftex.def)             Requested size: 136.5746pt x 92.49573pt.

<figs/DataVars/Fs_6_var.pdf, id=2985, 569.12625pt x 385.44pt>
File: figs/DataVars/Fs_6_var.pdf Graphic file (type pdf)

<use figs/DataVars/Fs_6_var.pdf>
Package pdftex.def Info: figs/DataVars/Fs_6_var.pdf used on input line 68.
(pdftex.def)             Requested size: 136.5746pt x 92.49573pt.


LaTeX Warning: Float too large for page by 65.00946pt on input line 74.

<figs/DataPulls/fL_pull.pdf, id=2986, 569.12625pt x 385.44pt>
File: figs/DataPulls/fL_pull.pdf Graphic file (type pdf)

<use figs/DataPulls/fL_pull.pdf>
Package pdftex.def Info: figs/DataPulls/fL_pull.pdf used on input line 78.
(pdftex.def)             Requested size: 136.5746pt x 92.49573pt.

<figs/DataPulls/fpe_pull.pdf, id=2987, 569.12625pt x 385.44pt>
File: figs/DataPulls/fpe_pull.pdf Graphic file (type pdf)

<use figs/DataPulls/fpe_pull.pdf>
Package pdftex.def Info: figs/DataPulls/fpe_pull.pdf used on input line 79.
(pdftex.def)             Requested size: 136.5746pt x 92.49573pt.

<figs/DataPulls/phis_0_pull.pdf, id=2988, 569.12625pt x 385.44pt>
File: figs/DataPulls/phis_0_pull.pdf Graphic file (type pdf)

<use figs/DataPulls/phis_0_pull.pdf>
Package pdftex.def Info: figs/DataPulls/phis_0_pull.pdf used on input line 80.
(pdftex.def)             Requested size: 136.5746pt x 92.49573pt.

<figs/DataPulls/dpe_pull.pdf, id=2989, 569.12625pt x 385.44pt>
File: figs/DataPulls/dpe_pull.pdf Graphic file (type pdf)

<use figs/DataPulls/dpe_pull.pdf>
Package pdftex.def Info: figs/DataPulls/dpe_pull.pdf used on input line 81.
(pdftex.def)             Requested size: 136.5746pt x 92.49573pt.

<figs/DataPulls/dpa_pull.pdf, id=2990, 569.12625pt x 385.44pt>
File: figs/DataPulls/dpa_pull.pdf Graphic file (type pdf)

<use figs/DataPulls/dpa_pull.pdf>
Package pdftex.def Info: figs/DataPulls/dpa_pull.pdf used on input line 82.
(pdftex.def)             Requested size: 136.5746pt x 92.49573pt.

<figs/DataPulls/lambda_0_abs_pull.pdf, id=2991, 569.12625pt x 385.44pt>
File: figs/DataPulls/lambda_0_abs_pull.pdf Graphic file (type pdf)

<use figs/DataPulls/lambda_0_abs_pull.pdf>
Package pdftex.def Info: figs/DataPulls/lambda_0_abs_pull.pdf used on input lin
e 83.
(pdftex.def)             Requested size: 136.5746pt x 92.49573pt.

<figs/DataPulls/G_pull.pdf, id=2992, 569.12625pt x 385.44pt>
File: figs/DataPulls/G_pull.pdf Graphic file (type pdf)

<use figs/DataPulls/G_pull.pdf>
Package pdftex.def Info: figs/DataPulls/G_pull.pdf used on input line 84.
(pdftex.def)             Requested size: 136.5746pt x 92.49573pt.

<figs/DataPulls/DG_pull.pdf, id=2993, 569.12625pt x 385.44pt>
File: figs/DataPulls/DG_pull.pdf Graphic file (type pdf)

<use figs/DataPulls/DG_pull.pdf>
Package pdftex.def Info: figs/DataPulls/DG_pull.pdf used on input line 85.
(pdftex.def)             Requested size: 136.5746pt x 92.49573pt.

<figs/DataPulls/Dm_pull.pdf, id=2994, 569.12625pt x 385.44pt>
File: figs/DataPulls/Dm_pull.pdf Graphic file (type pdf)

<use figs/DataPulls/Dm_pull.pdf>
Package pdftex.def Info: figs/DataPulls/Dm_pull.pdf used on input line 86.
(pdftex.def)             Requested size: 136.5746pt x 92.49573pt.

<figs/DataPulls/ds_m_dpe_1_pull.pdf, id=2995, 569.12625pt x 385.44pt>
File: figs/DataPulls/ds_m_dpe_1_pull.pdf Graphic file (type pdf)

<use figs/DataPulls/ds_m_dpe_1_pull.pdf>
Package pdftex.def Info: figs/DataPulls/ds_m_dpe_1_pull.pdf used on input line 
87.
(pdftex.def)             Requested size: 136.5746pt x 92.49573pt.

<figs/DataPulls/ds_m_dpe_2_pull.pdf, id=2996, 569.12625pt x 385.44pt>
File: figs/DataPulls/ds_m_dpe_2_pull.pdf Graphic file (type pdf)

<use figs/DataPulls/ds_m_dpe_2_pull.pdf>
Package pdftex.def Info: figs/DataPulls/ds_m_dpe_2_pull.pdf used on input line 
88.
(pdftex.def)             Requested size: 136.5746pt x 92.49573pt.

<figs/DataPulls/ds_m_dpe_3_pull.pdf, id=2997, 569.12625pt x 385.44pt>
File: figs/DataPulls/ds_m_dpe_3_pull.pdf Graphic file (type pdf)

<use figs/DataPulls/ds_m_dpe_3_pull.pdf>
Package pdftex.def Info: figs/DataPulls/ds_m_dpe_3_pull.pdf used on input line 
89.
(pdftex.def)             Requested size: 136.5746pt x 92.49573pt.

<figs/DataPulls/ds_m_dpe_4_pull.pdf, id=2998, 569.12625pt x 385.44pt>
File: figs/DataPulls/ds_m_dpe_4_pull.pdf Graphic file (type pdf)

<use figs/DataPulls/ds_m_dpe_4_pull.pdf>
Package pdftex.def Info: figs/DataPulls/ds_m_dpe_4_pull.pdf used on input line 
90.
(pdftex.def)             Requested size: 136.5746pt x 92.49573pt.

<figs/DataPulls/ds_m_dpe_5_pull.pdf, id=2999, 569.12625pt x 385.44pt>
File: figs/DataPulls/ds_m_dpe_5_pull.pdf Graphic file (type pdf)

<use figs/DataPulls/ds_m_dpe_5_pull.pdf>
Package pdftex.def Info: figs/DataPulls/ds_m_dpe_5_pull.pdf used on input line 
91.
(pdftex.def)             Requested size: 136.5746pt x 92.49573pt.

<figs/DataPulls/ds_m_dpe_6_pull.pdf, id=3000, 569.12625pt x 385.44pt>
File: figs/DataPulls/ds_m_dpe_6_pull.pdf Graphic file (type pdf)

<use figs/DataPulls/ds_m_dpe_6_pull.pdf>
Package pdftex.def Info: figs/DataPulls/ds_m_dpe_6_pull.pdf used on input line 
92.
(pdftex.def)             Requested size: 136.5746pt x 92.49573pt.

<figs/DataPulls/Fs_1_pull.pdf, id=3001, 569.12625pt x 385.44pt>
File: figs/DataPulls/Fs_1_pull.pdf Graphic file (type pdf)

<use figs/DataPulls/Fs_1_pull.pdf>
Package pdftex.def Info: figs/DataPulls/Fs_1_pull.pdf used on input line 93.
(pdftex.def)             Requested size: 136.5746pt x 92.49573pt.

<figs/DataPulls/Fs_2_pull.pdf, id=3002, 569.12625pt x 385.44pt>
File: figs/DataPulls/Fs_2_pull.pdf Graphic file (type pdf)

<use figs/DataPulls/Fs_2_pull.pdf>
Package pdftex.def Info: figs/DataPulls/Fs_2_pull.pdf used on input line 94.
(pdftex.def)             Requested size: 136.5746pt x 92.49573pt.

<figs/DataPulls/Fs_3_pull.pdf, id=3003, 569.12625pt x 385.44pt>
File: figs/DataPulls/Fs_3_pull.pdf Graphic file (type pdf)

<use figs/DataPulls/Fs_3_pull.pdf>
Package pdftex.def Info: figs/DataPulls/Fs_3_pull.pdf used on input line 95.
(pdftex.def)             Requested size: 136.5746pt x 92.49573pt.

<figs/DataPulls/Fs_4_pull.pdf, id=3004, 569.12625pt x 385.44pt>
File: figs/DataPulls/Fs_4_pull.pdf Graphic file (type pdf)

<use figs/DataPulls/Fs_4_pull.pdf>
Package pdftex.def Info: figs/DataPulls/Fs_4_pull.pdf used on input line 96.
(pdftex.def)             Requested size: 136.5746pt x 92.49573pt.

<figs/DataPulls/Fs_5_pull.pdf, id=3005, 569.12625pt x 385.44pt>
File: figs/DataPulls/Fs_5_pull.pdf Graphic file (type pdf)

<use figs/DataPulls/Fs_5_pull.pdf>
Package pdftex.def Info: figs/DataPulls/Fs_5_pull.pdf used on input line 97.
(pdftex.def)             Requested size: 136.5746pt x 92.49573pt.

<figs/DataPulls/Fs_6_pull.pdf, id=3006, 569.12625pt x 385.44pt>
File: figs/DataPulls/Fs_6_pull.pdf Graphic file (type pdf)

<use figs/DataPulls/Fs_6_pull.pdf>
Package pdftex.def Info: figs/DataPulls/Fs_6_pull.pdf used on input line 98.
(pdftex.def)             Requested size: 136.5746pt x 92.49573pt.


LaTeX Warning: Float too large for page by 79.50946pt on input line 105.

<figs/MCwBkgVars/fL_var.pdf, id=3007, 569.12625pt x 385.44pt>
File: figs/MCwBkgVars/fL_var.pdf Graphic file (type pdf)

<use figs/MCwBkgVars/fL_var.pdf>
Package pdftex.def Info: figs/MCwBkgVars/fL_var.pdf used on input line 109.
(pdftex.def)             Requested size: 136.5746pt x 92.49573pt.

<figs/MCwBkgVars/fpe_var.pdf, id=3008, 569.12625pt x 385.44pt>
File: figs/MCwBkgVars/fpe_var.pdf Graphic file (type pdf)

<use figs/MCwBkgVars/fpe_var.pdf>
Package pdftex.def Info: figs/MCwBkgVars/fpe_var.pdf used on input line 110.
(pdftex.def)             Requested size: 136.5746pt x 92.49573pt.

<figs/MCwBkgVars/phis_0_var.pdf, id=3009, 569.12625pt x 385.44pt>
File: figs/MCwBkgVars/phis_0_var.pdf Graphic file (type pdf)

<use figs/MCwBkgVars/phis_0_var.pdf>
Package pdftex.def Info: figs/MCwBkgVars/phis_0_var.pdf used on input line 111.

(pdftex.def)             Requested size: 136.5746pt x 92.49573pt.

<figs/MCwBkgVars/dpe_var.pdf, id=3010, 569.12625pt x 385.44pt>
File: figs/MCwBkgVars/dpe_var.pdf Graphic file (type pdf)

<use figs/MCwBkgVars/dpe_var.pdf>
Package pdftex.def Info: figs/MCwBkgVars/dpe_var.pdf used on input line 112.
(pdftex.def)             Requested size: 136.5746pt x 92.49573pt.

<figs/MCwBkgVars/dpa_var.pdf, id=3011, 569.12625pt x 385.44pt>
File: figs/MCwBkgVars/dpa_var.pdf Graphic file (type pdf)

<use figs/MCwBkgVars/dpa_var.pdf>
Package pdftex.def Info: figs/MCwBkgVars/dpa_var.pdf used on input line 113.
(pdftex.def)             Requested size: 136.5746pt x 92.49573pt.

<figs/MCwBkgVars/lambda_0_abs_var.pdf, id=3012, 569.12625pt x 385.44pt>
File: figs/MCwBkgVars/lambda_0_abs_var.pdf Graphic file (type pdf)

<use figs/MCwBkgVars/lambda_0_abs_var.pdf>
Package pdftex.def Info: figs/MCwBkgVars/lambda_0_abs_var.pdf used on input lin
e 114.
(pdftex.def)             Requested size: 136.5746pt x 92.49573pt.

<figs/MCwBkgVars/Gs_m_Gd_var.pdf, id=3013, 569.12625pt x 385.44pt>
File: figs/MCwBkgVars/Gs_m_Gd_var.pdf Graphic file (type pdf)

<use figs/MCwBkgVars/Gs_m_Gd_var.pdf>
Package pdftex.def Info: figs/MCwBkgVars/Gs_m_Gd_var.pdf used on input line 115
.
(pdftex.def)             Requested size: 136.5746pt x 92.49573pt.

<figs/MCwBkgVars/DG_var.pdf, id=3014, 569.12625pt x 385.44pt>
File: figs/MCwBkgVars/DG_var.pdf Graphic file (type pdf)

<use figs/MCwBkgVars/DG_var.pdf>
Package pdftex.def Info: figs/MCwBkgVars/DG_var.pdf used on input line 116.
(pdftex.def)             Requested size: 136.5746pt x 92.49573pt.

<figs/MCwBkgVars/Dm_var.pdf, id=3015, 569.12625pt x 385.44pt>
File: figs/MCwBkgVars/Dm_var.pdf Graphic file (type pdf)

<use figs/MCwBkgVars/Dm_var.pdf>
Package pdftex.def Info: figs/MCwBkgVars/Dm_var.pdf used on input line 117.
(pdftex.def)             Requested size: 136.5746pt x 92.49573pt.

<figs/MCwBkgPulls/fL_pull.pdf, id=3016, 569.12625pt x 385.44pt>
File: figs/MCwBkgPulls/fL_pull.pdf Graphic file (type pdf)

<use figs/MCwBkgPulls/fL_pull.pdf>
Package pdftex.def Info: figs/MCwBkgPulls/fL_pull.pdf used on input line 127.
(pdftex.def)             Requested size: 136.5746pt x 92.49573pt.

<figs/MCwBkgPulls/fpe_pull.pdf, id=3017, 569.12625pt x 385.44pt>
File: figs/MCwBkgPulls/fpe_pull.pdf Graphic file (type pdf)

<use figs/MCwBkgPulls/fpe_pull.pdf>
Package pdftex.def Info: figs/MCwBkgPulls/fpe_pull.pdf used on input line 128.
(pdftex.def)             Requested size: 136.5746pt x 92.49573pt.

<figs/MCwBkgPulls/phis_0_pull.pdf, id=3018, 569.12625pt x 385.44pt>
File: figs/MCwBkgPulls/phis_0_pull.pdf Graphic file (type pdf)

<use figs/MCwBkgPulls/phis_0_pull.pdf>
Package pdftex.def Info: figs/MCwBkgPulls/phis_0_pull.pdf used on input line 12
9.
(pdftex.def)             Requested size: 136.5746pt x 92.49573pt.

<figs/MCwBkgPulls/dpe_pull.pdf, id=3019, 569.12625pt x 385.44pt>
File: figs/MCwBkgPulls/dpe_pull.pdf Graphic file (type pdf)

<use figs/MCwBkgPulls/dpe_pull.pdf>
Package pdftex.def Info: figs/MCwBkgPulls/dpe_pull.pdf used on input line 130.
(pdftex.def)             Requested size: 136.5746pt x 92.49573pt.

<figs/MCwBkgPulls/dpa_pull.pdf, id=3020, 569.12625pt x 385.44pt>
File: figs/MCwBkgPulls/dpa_pull.pdf Graphic file (type pdf)

<use figs/MCwBkgPulls/dpa_pull.pdf>
Package pdftex.def Info: figs/MCwBkgPulls/dpa_pull.pdf used on input line 131.
(pdftex.def)             Requested size: 136.5746pt x 92.49573pt.

<figs/MCwBkgPulls/lambda_0_abs_pull.pdf, id=3021, 569.12625pt x 385.44pt>
File: figs/MCwBkgPulls/lambda_0_abs_pull.pdf Graphic file (type pdf)

<use figs/MCwBkgPulls/lambda_0_abs_pull.pdf>
Package pdftex.def Info: figs/MCwBkgPulls/lambda_0_abs_pull.pdf used on input l
ine 132.
(pdftex.def)             Requested size: 136.5746pt x 92.49573pt.

<figs/MCwBkgPulls/Gs_m_Gd_pull.pdf, id=3022, 569.12625pt x 385.44pt>
File: figs/MCwBkgPulls/Gs_m_Gd_pull.pdf Graphic file (type pdf)

<use figs/MCwBkgPulls/Gs_m_Gd_pull.pdf>
Package pdftex.def Info: figs/MCwBkgPulls/Gs_m_Gd_pull.pdf used on input line 1
33.
(pdftex.def)             Requested size: 136.5746pt x 92.49573pt.

<figs/MCwBkgPulls/DG_pull.pdf, id=3023, 569.12625pt x 385.44pt>
File: figs/MCwBkgPulls/DG_pull.pdf Graphic file (type pdf)

<use figs/MCwBkgPulls/DG_pull.pdf>
Package pdftex.def Info: figs/MCwBkgPulls/DG_pull.pdf used on input line 134.
(pdftex.def)             Requested size: 136.5746pt x 92.49573pt.

<figs/MCwBkgPulls/Dm_pull.pdf, id=3024, 569.12625pt x 385.44pt>
File: figs/MCwBkgPulls/Dm_pull.pdf Graphic file (type pdf)

<use figs/MCwBkgPulls/Dm_pull.pdf>
Package pdftex.def Info: figs/MCwBkgPulls/Dm_pull.pdf used on input line 135.
(pdftex.def)             Requested size: 136.5746pt x 92.49573pt.
 [94


 <./figs/MCVars/fL_var.pdf, page is rotated 90 degrees> <./figs/MCVars/fpe_var.
pdf, page is rotated 90 degrees> <./figs/MCVars/phis_0_var.pdf, page is rotated
 90 degrees> <./figs/MCVars/dpe_var.pdf, page is rotated 90 degrees> <./figs/MC
Vars/dpa_var.pdf, page is rotated 90 degrees> <./figs/MCVars/lambda_0_abs_var.p
df, page is rotated 90 degrees> <./figs/MCVars/G_var.pdf, page is rotated 90 de
grees> <./figs/MCVars/DG_var.pdf, page is rotated 90 degrees> <./figs/MCVars/Dm
_var.pdf, page is rotated 90 degrees>]
[95 <./figs/MCPulls/fL_pull.pdf, page is rotated 90 degrees> <./figs/MCPulls/fp
e_pull.pdf, page is rotated 90 degrees> <./figs/MCPulls/phis_0_pull.pdf, page i
s rotated 90 degrees> <./figs/MCPulls/dpe_pull.pdf, page is rotated 90 degrees>
 <./figs/MCPulls/dpa_pull.pdf, page is rotated 90 degrees> <./figs/MCPulls/lamb
da_0_abs_pull.pdf, page is rotated 90 degrees> <./figs/MCPulls/G_pull.pdf, page
 is rotated 90 degrees> <./figs/MCPulls/DG_pull.pdf, page is rotated 90 degrees
> <./figs/MCPulls/Dm_pull.pdf, page is rotated 90 degrees>] [96 <./figs/DataVar
s/fL_var.pdf, page is rotated 90 degrees> <./figs/DataVars/fpe_var.pdf, page is
 rotated 90 degrees> <./figs/DataVars/phis_0_var.pdf, page is rotated 90 degree
s> <./figs/DataVars/dpe_var.pdf, page is rotated 90 degrees> <./figs/DataVars/d
pa_var.pdf, page is rotated 90 degrees> <./figs/DataVars/lambda_0_abs_var.pdf, 
page is rotated 90 degrees> <./figs/DataVars/G_var.pdf, page is rotated 90 degr
ees> <./figs/DataVars/DG_var.pdf, page is rotated 90 degrees> <./figs/DataVars/
Dm_var.pdf, page is rotated 90 degrees> <./figs/DataVars/ds_m_dpe_1_var.pdf, pa
ge is rotated 90 degrees> <./figs/DataVars/ds_m_dpe_2_var.pdf, page is rotated 
90 degrees> <./figs/DataVars/ds_m_dpe_3_var.pdf, page is rotated 90 degrees> <.
/figs/DataVars/ds_m_dpe_4_var.pdf, page is rotated 90 degrees> <./figs/DataVars
/ds_m_dpe_5_var.pdf, page is rotated 90 degrees> <./figs/DataVars/ds_m_dpe_6_va
r.pdf, page is rotated 90 degrees> <./figs/DataVars/Fs_1_var.pdf, page is rotat
ed 90 degrees> <./figs/DataVars/Fs_2_var.pdf, page is rotated 90 degrees> <./fi
gs/DataVars/Fs_3_var.pdf, page is rotated 90 degrees> <./figs/DataVars/Fs_4_var
.pdf, page is rotated 90 degrees> <./figs/DataVars/Fs_5_var.pdf, page is rotate
d 90 degrees> <./figs/DataVars/Fs_6_var.pdf, page is rotated 90 degrees>]
[97 <./figs/DataPulls/fL_pull.pdf, page is rotated 90 degrees> <./figs/DataPull
s/fpe_pull.pdf, page is rotated 90 degrees> <./figs/DataPulls/phis_0_pull.pdf, 
page is rotated 90 degrees> <./figs/DataPulls/dpe_pull.pdf, page is rotated 90 
degrees> <./figs/DataPulls/dpa_pull.pdf, page is rotated 90 degrees> <./figs/Da
taPulls/lambda_0_abs_pull.pdf, page is rotated 90 degrees> <./figs/DataPulls/G_
pull.pdf, page is rotated 90 degrees> <./figs/DataPulls/DG_pull.pdf, page is ro
tated 90 degrees> <./figs/DataPulls/Dm_pull.pdf, page is rotated 90 degrees> <.
/figs/DataPulls/ds_m_dpe_1_pull.pdf, page is rotated 90 degrees> <./figs/DataPu
lls/ds_m_dpe_2_pull.pdf, page is rotated 90 degrees> <./figs/DataPulls/ds_m_dpe
_3_pull.pdf, page is rotated 90 degrees> <./figs/DataPulls/ds_m_dpe_4_pull.pdf,
 page is rotated 90 degrees> <./figs/DataPulls/ds_m_dpe_5_pull.pdf, page is rot
ated 90 degrees> <./figs/DataPulls/ds_m_dpe_6_pull.pdf, page is rotated 90 degr
ees> <./figs/DataPulls/Fs_1_pull.pdf, page is rotated 90 degrees> <./figs/DataP
ulls/Fs_2_pull.pdf, page is rotated 90 degrees> <./figs/DataPulls/Fs_3_pull.pdf
, page is rotated 90 degrees> <./figs/DataPulls/Fs_4_pull.pdf, page is rotated 
90 degrees> <./figs/DataPulls/Fs_5_pull.pdf, page is rotated 90 degrees> <./fig
s/DataPulls/Fs_6_pull.pdf, page is rotated 90 degrees>] [98 <./figs/MCwBkgVars/
fL_var.pdf, page is rotated 90 degrees> <./figs/MCwBkgVars/fpe_var.pdf, page is
 rotated 90 degrees> <./figs/MCwBkgVars/phis_0_var.pdf, page is rotated 90 degr
ees> <./figs/MCwBkgVars/dpe_var.pdf, page is rotated 90 degrees> <./figs/MCwBkg
Vars/dpa_var.pdf, page is rotated 90 degrees> <./figs/MCwBkgVars/lambda_0_abs_v
ar.pdf, page is rotated 90 degrees> <./figs/MCwBkgVars/Gs_m_Gd_var.pdf, page is
 rotated 90 degrees> <./figs/MCwBkgVars/DG_var.pdf, page is rotated 90 degrees>
 <./figs/MCwBkgVars/Dm_var.pdf, page is rotated 90 degrees>] [99 <./figs/MCwBkg
Pulls/fL_pull.pdf, page is rotated 90 degrees> <./figs/MCwBkgPulls/fpe_pull.pdf
, page is rotated 90 degrees> <./figs/MCwBkgPulls/phis_0_pull.pdf, page is rota
ted 90 degrees> <./figs/MCwBkgPulls/dpe_pull.pdf, page is rotated 90 degrees> <
./figs/MCwBkgPulls/dpa_pull.pdf, page is rotated 90 degrees> <./figs/MCwBkgPull
s/lambda_0_abs_pull.pdf, page is rotated 90 degrees> <./figs/MCwBkgPulls/Gs_m_G
d_pull.pdf, page is rotated 90 degrees> <./figs/MCwBkgPulls/DG_pull.pdf, page i
s rotated 90 degrees> <./figs/MCwBkgPulls/Dm_pull.pdf, page is rotated 90 degre
es>]) (./main.bblpdfTeX warning (ext4): destination with the same identifier (n
ame{page.99}) has been already used, duplicate ignored
<to be read again> 
                   \relax 
l.5 \begin{mcitethebibliography}{10}
                                     [99


] [100] [101] [102] [103] [104]
! Undefined control sequence.
<recently read> \Bz 
                    
l.892 ... $\Bz\to\jpsi\Kstar(892)^0$ decays}}, }{}
                                                  Phys.\ Rev.\
? 
! Undefined control sequence.
<recently read> \Kstar 
                       
l.892 ... $\Bz\to\jpsi\Kstar(892)^0$ decays}}, }{}
                                                  Phys.\ Rev.\
? 
)
Package atveryend Info: Empty hook `BeforeClearDocument' on input line 235.
 [105]
Package atveryend Info: Empty hook `AfterLastShipout' on input line 235.
 (./main.aux)
Package atveryend Info: Executing hook `AtVeryEndDocument' on input line 235.
Package atveryend Info: Executing hook `AtEndAfterFileList' on input line 235.
Package rerunfilecheck Info: File `main.out' has not changed.
(rerunfilecheck)             Checksum: 6A2A87A8CB3CCFB3024379706564D90A;7357.


LaTeX Warning: There were undefined references.


LaTeX Warning: There were multiply-defined labels.

Package atveryend Info: Empty hook `AtVeryVeryEnd' on input line 235.
 ) 
Here is how much of TeX's memory you used:
 14163 strings out of 495031
 215168 string characters out of 6181531
 302336 words of memory out of 5000000
 16444 multiletter control sequences out of 15000+600000
 30876 words of font info for 116 fonts, out of 8000000 for 9000
 14 hyphenation exceptions out of 8191
 44i,18n,42p,1021b,697s stack positions out of 5000i,500n,10000p,200000b,80000s
</usr/share/texlive/texmf-dist/fonts/type1/public/amsfonts/cm/cmbx10.pfb></us
r/share/texlive/texmf-dist/fonts/type1/public/amsfonts/cm/cmbx12.pfb></usr/shar
e/texlive/texmf-dist/fonts/type1/public/amsfonts/cm/cmbx8.pfb></usr/share/texli
ve/texmf-dist/fonts/type1/public/amsfonts/cm/cmcsc10.pfb></usr/share/texlive/te
xmf-dist/fonts/type1/public/amsfonts/cm/cmex10.pfb></usr/share/texlive/texmf-di
st/fonts/type1/public/amsfonts/cmextra/cmex8.pfb></usr/share/texlive/texmf-dist
/fonts/type1/public/amsfonts/cm/cmmi10.pfb></usr/share/texlive/texmf-dist/fonts
/type1/public/amsfonts/cm/cmmi12.pfb></usr/share/texlive/texmf-dist/fonts/type1
/public/amsfonts/cm/cmmi6.pfb></usr/share/texlive/texmf-dist/fonts/type1/public
/amsfonts/cm/cmmi7.pfb></usr/share/texlive/texmf-dist/fonts/type1/public/amsfon
ts/cm/cmmi8.pfb></usr/share/texlive/texmf-dist/fonts/type1/public/amsfonts/cm/c
mmib10.pfb></usr/share/texlive/texmf-dist/fonts/type1/public/amsfonts/cm/cmr10.
pfb></usr/share/texlive/texmf-dist/fonts/type1/public/amsfonts/cm/cmr12.pfb></u
sr/share/texlive/texmf-dist/fonts/type1/public/amsfonts/cm/cmr17.pfb></usr/shar
e/texlive/texmf-dist/fonts/type1/public/amsfonts/cm/cmr5.pfb></usr/share/texliv
e/texmf-dist/fonts/type1/public/amsfonts/cm/cmr6.pfb></usr/share/texlive/texmf-
dist/fonts/type1/public/amsfonts/cm/cmr7.pfb></usr/share/texlive/texmf-dist/fon
ts/type1/public/amsfonts/cm/cmr8.pfb></usr/share/texlive/texmf-dist/fonts/type1
/public/amsfonts/cm/cmss8.pfb></usr/share/texlive/texmf-dist/fonts/type1/public
/amsfonts/cm/cmsy10.pfb></usr/share/texlive/texmf-dist/fonts/type1/public/amsfo
nts/cm/cmsy6.pfb></usr/share/texlive/texmf-dist/fonts/type1/public/amsfonts/cm/
cmsy8.pfb></usr/share/texlive/texmf-dist/fonts/type1/public/amsfonts/cm/cmti10.
pfb></usr/share/texlive/texmf-dist/fonts/type1/public/amsfonts/cm/cmti12.pfb></
usr/share/texlive/texmf-dist/fonts/type1/public/amsfonts/cm/cmtt10.pfb></usr/sh
are/texlive/texmf-dist/fonts/type1/public/amsfonts/cm/cmtt12.pfb></usr/share/te
xlive/texmf-dist/fonts/type1/public/mathpazo/fplmri.pfb></usr/share/texlive/tex
mf-dist/fonts/type1/public/fpl/fplrc8a.pfb></usr/share/texlive/texmf-dist/fonts
/type1/public/amsfonts/symbols/msam10.pfb></usr/share/texlive/texmf-dist/fonts/
type1/public/amsfonts/symbols/msbm10.pfb></usr/share/texlive/texmf-dist/fonts/t
ype1/urw/palatino/uplr8a.pfb></usr/share/texlive/texmf-dist/fonts/type1/urw/pal
atino/uplri8a.pfb>
Output written on main.pdf (113 pages, 9304880 bytes).
PDF statistics:
 6861 PDF objects out of 7423 (max. 8388607)
 3575 compressed objects within 36 object streams
 517 named destinations out of 1000 (max. 500000)
 1721 words of extra memory for PDF output out of 10000 (max. 10000000)

