\BOOKMARK [0][-]{chapter.1}{Introduction}{}% 1
\BOOKMARK [1][-]{section.1.1}{Higgs Mechanism}{chapter.1}% 2
\BOOKMARK [2][-]{subsection.1.1.1}{Coupling to fermions}{section.1.1}% 3
\BOOKMARK [2][-]{subsection.1.1.2}{Coupling to photons and gluons}{section.1.1}% 4
\BOOKMARK [1][-]{section.1.2}{Particle Content}{chapter.1}% 5
\BOOKMARK [1][-]{section.1.3}{CKM Matrix}{chapter.1}% 6
\BOOKMARK [1][-]{section.1.4}{Need for New Physics}{chapter.1}% 7
\BOOKMARK [2][-]{subsection.1.4.1}{Matter-antimatter imbalance}{section.1.4}% 8
\BOOKMARK [2][-]{subsection.1.4.2}{Dark matter and dark energy}{section.1.4}% 9
\BOOKMARK [2][-]{subsection.1.4.3}{Unification of forces}{section.1.4}% 10
\BOOKMARK [0][-]{chapter.2}{Supersymmetry}{}% 11
\BOOKMARK [1][-]{section.2.1}{Introduction}{chapter.2}% 12
\BOOKMARK [1][-]{section.2.2}{Points addressed by SUSY}{chapter.2}% 13
\BOOKMARK [1][-]{section.2.3}{Supersymmetry breaking}{chapter.2}% 14
\BOOKMARK [1][-]{section.2.4}{Minimal Supersymmetrical Standard Model \(MSSM\)}{chapter.2}% 15
\BOOKMARK [2][-]{subsection.2.4.1}{Dark Matter in the MSSM}{section.2.4}% 16
\BOOKMARK [2][-]{subsection.2.4.2}{MSSM Lagrangian}{section.2.4}% 17
\BOOKMARK [2][-]{subsection.2.4.3}{CMSSM}{section.2.4}% 18
\BOOKMARK [2][-]{subsection.2.4.4}{AMSB}{section.2.4}% 19
\BOOKMARK [3][-]{subsubsection.2.4.4.1}{mAMSB}{subsection.2.4.4}% 20
\BOOKMARK [2][-]{subsection.2.4.5}{Renormalization Group equations}{section.2.4}% 21
\BOOKMARK [1][-]{section.2.5}{RPV Models}{chapter.2}% 22
\BOOKMARK [2][-]{subsection.2.5.1}{Consequences of RPV}{section.2.5}% 23
\BOOKMARK [1][-]{section.2.6}{Experimental searches}{chapter.2}% 24
\BOOKMARK [0][-]{chapter.3}{Low E in SUSY \(MFV\)}{}% 25
\BOOKMARK [1][-]{section.3.1}{Motivation for MFV}{chapter.3}% 26
\BOOKMARK [1][-]{section.3.2}{MFV EFT}{chapter.3}% 27
\BOOKMARK [1][-]{section.3.3}{MFV SUSY}{chapter.3}% 28
\BOOKMARK [1][-]{section.3.4}{MFV R-parity}{chapter.3}% 29
\BOOKMARK [1][-]{section.3.5}{Characteristics}{chapter.3}% 30
\BOOKMARK [1][-]{section.3.6}{CMFV}{chapter.3}% 31
\BOOKMARK [1][-]{section.3.7}{Experimental bounds}{chapter.3}% 32
\BOOKMARK [1][-]{section.3.8}{Unitarity Triangle}{chapter.3}% 33
\BOOKMARK [0][-]{chapter.4}{LHCb}{}% 34
\BOOKMARK [1][-]{section.4.1}{LHC}{chapter.4}% 35
\BOOKMARK [1][-]{section.4.2}{LHCb}{chapter.4}% 36
\BOOKMARK [2][-]{subsection.4.2.1}{Beam pipe, vacuum chamber and BCM}{section.4.2}% 37
\BOOKMARK [2][-]{subsection.4.2.2}{Magnet}{section.4.2}% 38
\BOOKMARK [2][-]{subsection.4.2.3}{Tracking}{section.4.2}% 39
\BOOKMARK [3][-]{subsubsection.4.2.3.1}{VELO}{subsection.4.2.3}% 40
\BOOKMARK [3][-]{subsubsection.4.2.3.2}{ST}{subsection.4.2.3}% 41
\BOOKMARK [3][-]{subsubsection.4.2.3.3}{OT}{subsection.4.2.3}% 42
\BOOKMARK [2][-]{subsection.4.2.4}{PID}{section.4.2}% 43
\BOOKMARK [3][-]{subsubsection.4.2.4.1}{RICH}{subsection.4.2.4}% 44
\BOOKMARK [3][-]{subsubsection.4.2.4.2}{Calorimeters}{subsection.4.2.4}% 45
\BOOKMARK [3][-]{subsubsection.4.2.4.3}{Muon System}{subsection.4.2.4}% 46
\BOOKMARK [2][-]{subsection.4.2.5}{Trigger}{section.4.2}% 47
\BOOKMARK [3][-]{subsubsection.4.2.5.1}{L0}{subsection.4.2.5}% 48
\BOOKMARK [3][-]{subsubsection.4.2.5.2}{HLT}{subsection.4.2.5}% 49
\BOOKMARK [3][-]{subsubsection.4.2.5.3}{HLT1}{subsection.4.2.5}% 50
\BOOKMARK [3][-]{subsubsection.4.2.5.4}{HLT2}{subsection.4.2.5}% 51
\BOOKMARK [2][-]{subsection.4.2.6}{Tracking and Vertexing performance}{section.4.2}% 52
\BOOKMARK [2][-]{subsection.4.2.7}{PID performance}{section.4.2}% 53
\BOOKMARK [2][-]{subsection.4.2.8}{Trigger performance}{section.4.2}% 54
\BOOKMARK [3][-]{subsubsection.4.2.8.1}{L0 hardware trigger}{subsection.4.2.8}% 55
\BOOKMARK [3][-]{subsubsection.4.2.8.2}{High Level Trigger}{subsection.4.2.8}% 56
\BOOKMARK [2][-]{subsection.4.2.9}{The LHCb Upgrade}{section.4.2}% 57
\BOOKMARK [3][-]{subsubsection.4.2.9.1}{Trigger Upgrade}{subsection.4.2.9}% 58
\BOOKMARK [3][-]{subsubsection.4.2.9.2}{VELO Upgrade}{subsection.4.2.9}% 59
\BOOKMARK [3][-]{subsubsection.4.2.9.3}{PID Upgrade}{subsection.4.2.9}% 60
\BOOKMARK [3][-]{subsubsection.4.2.9.4}{Tracking Upgrade}{subsection.4.2.9}% 61
\BOOKMARK [2][-]{subsection.4.2.10}{Analysis workflow}{section.4.2}% 62
\BOOKMARK [0][-]{chapter.5}{F=2}{}% 63
\BOOKMARK [1][-]{section.5.1}{Introduction}{chapter.5}% 64
\BOOKMARK [1][-]{section.5.2}{s experimental}{chapter.5}% 65
\BOOKMARK [2][-]{subsection.5.2.1}{Phenomenology}{section.5.2}% 66
\BOOKMARK [2][-]{subsection.5.2.2}{Samples and event selection}{section.5.2}% 67
\BOOKMARK [3][-]{subsubsection.5.2.2.1}{Data sample}{subsection.5.2.2}% 68
\BOOKMARK [3][-]{subsubsection.5.2.2.2}{Simulation samples}{subsection.5.2.2}% 69
\BOOKMARK [3][-]{subsubsection.5.2.2.3}{Stripping selection}{subsection.5.2.2}% 70
\BOOKMARK [3][-]{subsubsection.5.2.2.4}{Trigger selection}{subsection.5.2.2}% 71
\BOOKMARK [3][-]{subsubsection.5.2.2.5}{Corrections}{subsection.5.2.2}% 72
\BOOKMARK [2][-]{subsection.5.2.3}{Mass fit and computation of signal sWeights}{section.5.2}% 73
\BOOKMARK [2][-]{subsection.5.2.4}{Csp factors}{section.5.2}% 74
\BOOKMARK [2][-]{subsection.5.2.5}{Decay time resolution}{section.5.2}% 75
\BOOKMARK [2][-]{subsection.5.2.6}{Angular acceptance}{section.5.2}% 76
\BOOKMARK [2][-]{subsection.5.2.7}{Decay time acceptance}{section.5.2}% 77
\BOOKMARK [3][-]{subsubsection.5.2.7.1}{Measurement of \(B0\)}{subsection.5.2.7}% 78
\BOOKMARK [2][-]{subsection.5.2.8}{Flavour tagging}{section.5.2}% 79
\BOOKMARK [2][-]{subsection.5.2.9}{Data fitting}{section.5.2}% 80
\BOOKMARK [2][-]{subsection.5.2.10}{Baseline fit}{section.5.2}% 81
\BOOKMARK [2][-]{subsection.5.2.11}{Coverage of the uncertainty with the sFit}{section.5.2}% 82
\BOOKMARK [3][-]{subsubsection.5.2.11.1}{Simulation}{subsection.5.2.11}% 83
\BOOKMARK [3][-]{subsubsection.5.2.11.2}{Signal and background simulation}{subsection.5.2.11}% 84
\BOOKMARK [3][-]{subsubsection.5.2.11.3}{Data}{subsection.5.2.11}% 85
\BOOKMARK [1][-]{section.5.3}{s pheno}{chapter.5}% 86
\BOOKMARK [2][-]{subsection.5.3.1}{Observables}{section.5.3}% 87
\BOOKMARK [1][-]{section.5.4}{s MultiNest}{chapter.5}% 88
\BOOKMARK [2][-]{subsection.5.4.1}{MultiNest}{section.5.4}% 89
\BOOKMARK [3][-]{subsubsection.5.4.1.1}{Bayesian inference}{subsection.5.4.1}% 90
\BOOKMARK [3][-]{subsubsection.5.4.1.2}{Nested sampling}{subsection.5.4.1}% 91
\BOOKMARK [3][-]{subsubsection.5.4.1.3}{Ellipsoidal nested sampling}{subsection.5.4.1}% 92
\BOOKMARK [3][-]{subsubsection.5.4.1.4}{The MultiNest algorithm}{subsection.5.4.1}% 93
\BOOKMARK [0][-]{chapter.6}{Kaon Physics}{}% 94
\BOOKMARK [1][-]{section.6.1}{Introduction}{chapter.6}% 95
\BOOKMARK [1][-]{section.6.2}{K0S 0+- Sensitivity study}{chapter.6}% 96
\BOOKMARK [2][-]{subsection.6.2.1}{Analysis strategy}{section.6.2}% 97
\BOOKMARK [2][-]{subsection.6.2.2}{Reconstruction and selection}{section.6.2}% 98
\BOOKMARK [2][-]{subsection.6.2.3}{Background sources}{section.6.2}% 99
\BOOKMARK [2][-]{subsection.6.2.4}{Fit model}{section.6.2}% 100
\BOOKMARK [2][-]{subsection.6.2.5}{Expected sensitivity}{section.6.2}% 101
\BOOKMARK [2][-]{subsection.6.2.6}{Conclusions}{section.6.2}% 102
\BOOKMARK [1][-]{section.6.3}{Probing SUSY effects in K0S+-}{chapter.6}% 103
\BOOKMARK [2][-]{subsection.6.3.1}{Formalism}{section.6.3}% 104
\BOOKMARK [3][-]{subsubsection.6.3.1.1}{Observables}{subsection.6.3.1}% 105
\BOOKMARK [3][-]{subsubsection.6.3.1.2}{K0S+-}{subsection.6.3.1}% 106
\BOOKMARK [3][-]{subsubsection.6.3.1.3}{bold0mu mumu K / KK / KK / KK / KK / KK / K}{subsection.6.3.1}% 107
\BOOKMARK [3][-]{subsubsection.6.3.1.4}{bold0mu mumu KKKKKK and bold0mu mumu MKMKMKMKMKMK}{subsection.6.3.1}% 108
\BOOKMARK [2][-]{subsection.6.3.2}{Parameter scan}{section.6.3}% 109
\BOOKMARK [2][-]{subsection.6.3.3}{Results}{section.6.3}% 110
\BOOKMARK [3][-]{subsubsection.6.3.3.1}{Effects from \( dLL\(RR\) \)12 separately}{subsection.6.3.3}% 111
\BOOKMARK [3][-]{subsubsection.6.3.3.2}{Floating LL and RR MIs simultaneously}{subsection.6.3.3}% 112
\BOOKMARK [3][-]{subsubsection.6.3.3.3}{Non degenerate Higgs masses}{subsection.6.3.3}% 113
\BOOKMARK [2][-]{subsection.6.3.4}{Conclusions}{section.6.3}% 114
\BOOKMARK [0][-]{chapter.7}{CMSSM}{}% 115
\BOOKMARK [1][-]{section.7.1}{MasterCode framework}{chapter.7}% 116
\BOOKMARK [1][-]{section.7.2}{Sampling algorithm}{chapter.7}% 117
\BOOKMARK [1][-]{section.7.3}{Scan Ranges}{chapter.7}% 118
\BOOKMARK [1][-]{section.7.4}{Method}{chapter.7}% 119
\BOOKMARK [2][-]{subsection.7.4.1}{Gaussian Constraints}{section.7.4}% 120
\BOOKMARK [2][-]{subsection.7.4.2}{Non-Gaussian Constraints}{section.7.4}% 121
\BOOKMARK [0][-]{section*.67}{Appendices}{}% 122
\BOOKMARK [0][-]{Appendix.a.A}{MasterCode observables}{}% 123
\BOOKMARK [1][-]{section.a.A.1}{Mass Spectrum}{Appendix.a.A}% 124
\BOOKMARK [1][-]{section.a.A.2}{Dark Matter Relic Density}{Appendix.a.A}% 125
\BOOKMARK [1][-]{section.a.A.3}{Neutralino Scattering off Nuclei}{Appendix.a.A}% 126
\BOOKMARK [2][-]{subsection.a.A.3.1}{Spin-Independent Term}{section.a.A.3}% 127
\BOOKMARK [2][-]{subsection.a.A.3.2}{Spin-Dependent Term}{section.a.A.3}% 128
\BOOKMARK [1][-]{section.a.A.4}{Anomalous Magnetic Moment of the Muon}{Appendix.a.A}% 129
\BOOKMARK [1][-]{section.a.A.5}{Electroweak Precision Observables}{Appendix.a.A}% 130
\BOOKMARK [1][-]{section.a.A.6}{Flavour Physics Observables}{Appendix.a.A}% 131
\BOOKMARK [0][-]{Appendix.a.B}{Coverage of the uncertainty with the sFit}{}% 132
\BOOKMARK [0][-]{figure.caption.73}{Bibliography}{}% 133
