This is pdfTeX, Version 3.1415926-2.5-1.40.14 (TeX Live 2013/Debian) (format=pdflatex 2014.2.13)  5 SEP 2016 18:45
entering extended mode
 restricted \write18 enabled.
 %&-line parsing enabled.
**cosas.tex
(./cosas.tex
LaTeX2e <2011/06/27>
Babel <3.9f> and hyphenation patterns for 2 languages loaded.
(/usr/share/texlive/texmf-dist/tex/latex/base/article.cls
Document Class: article 2007/10/19 v1.4h Standard LaTeX document class
(/usr/share/texlive/texmf-dist/tex/latex/base/size12.clo
File: size12.clo 2007/10/19 v1.4h Standard LaTeX file (size option)
)
\c@part=\count79
\c@section=\count80
\c@subsection=\count81
\c@subsubsection=\count82
\c@paragraph=\count83
\c@subparagraph=\count84
\c@figure=\count85
\c@table=\count86
\abovecaptionskip=\skip41
\belowcaptionskip=\skip42
\bibindent=\dimen102
)
(/usr/share/texlive/texmf-dist/tex/latex/base/ifthen.sty
Package: ifthen 2001/05/26 v1.1c Standard LaTeX ifthen package (DPC)
) (./preamble.tex
(/usr/share/texlive/texmf-dist/tex/latex/geometry/geometry.sty
Package: geometry 2010/09/12 v5.6 Page Geometry

(/usr/share/texlive/texmf-dist/tex/latex/graphics/keyval.sty
Package: keyval 1999/03/16 v1.13 key=value parser (DPC)
\KV@toks@=\toks14
)
(/usr/share/texlive/texmf-dist/tex/generic/oberdiek/ifpdf.sty
Package: ifpdf 2011/01/30 v2.3 Provides the ifpdf switch (HO)
Package ifpdf Info: pdfTeX in PDF mode is detected.
)
(/usr/share/texlive/texmf-dist/tex/generic/oberdiek/ifvtex.sty
Package: ifvtex 2010/03/01 v1.5 Detect VTeX and its facilities (HO)
Package ifvtex Info: VTeX not detected.
)
(/usr/share/texlive/texmf-dist/tex/generic/ifxetex/ifxetex.sty
Package: ifxetex 2010/09/12 v0.6 Provides ifxetex conditional
)
\Gm@cnth=\count87
\Gm@cntv=\count88
\c@Gm@tempcnt=\count89
\Gm@bindingoffset=\dimen103
\Gm@wd@mp=\dimen104
\Gm@odd@mp=\dimen105
\Gm@even@mp=\dimen106
\Gm@layoutwidth=\dimen107
\Gm@layoutheight=\dimen108
\Gm@layouthoffset=\dimen109
\Gm@layoutvoffset=\dimen110
\Gm@dimlist=\toks15
)
(/usr/share/texlive/texmf-dist/tex/latex/microtype/microtype.sty
Package: microtype 2013/05/23 v2.5a Micro-typographical refinements (RS)
\MT@toks=\toks16
\MT@count=\count90
LaTeX Info: Redefining \textls on input line 766.
\MT@outer@kern=\dimen111
LaTeX Info: Redefining \textmicrotypecontext on input line 1285.
\MT@listname@count=\count91

(/usr/share/texlive/texmf-dist/tex/latex/microtype/microtype-pdftex.def
File: microtype-pdftex.def 2013/05/23 v2.5a Definitions specific to pdftex (RS)

LaTeX Info: Redefining \lsstyle on input line 915.
LaTeX Info: Redefining \lslig on input line 915.
\MT@outer@space=\skip43
)
Package microtype Info: Loading configuration file microtype.cfg.

(/usr/share/texlive/texmf-dist/tex/latex/microtype/microtype.cfg
File: microtype.cfg 2013/05/23 v2.5a microtype main configuration file (RS)
))

! LaTeX Error: File `lineno.sty' not found.

Type X to quit or <RETURN> to proceed,
or enter new name. (Default extension: sty)

Enter file name: 
(/usr/share/texlive/texmf-dist/tex/latex/tools/xspace.sty
Package: xspace 2009/10/20 v1.13 Space after command names (DPC,MH)
)
(/usr/share/texlive/texmf-dist/tex/latex/caption/caption.sty
Package: caption 2013/05/02 v3.3-89 Customizing captions (AR)

(/usr/share/texlive/texmf-dist/tex/latex/caption/caption3.sty
Package: caption3 2013/05/02 v1.6-88 caption3 kernel (AR)
Package caption3 Info: TeX engine: e-TeX on input line 57.
\captionmargin=\dimen112
\captionmargin@=\dimen113
\captionwidth=\dimen114
\caption@tempdima=\dimen115
\caption@indent=\dimen116
\caption@parindent=\dimen117
\caption@hangindent=\dimen118
)
\c@ContinuedFloat=\count92
)
(/usr/share/texlive/texmf-dist/tex/latex/graphics/graphicx.sty
Package: graphicx 1999/02/16 v1.0f Enhanced LaTeX Graphics (DPC,SPQR)

(/usr/share/texlive/texmf-dist/tex/latex/graphics/graphics.sty
Package: graphics 2009/02/05 v1.0o Standard LaTeX Graphics (DPC,SPQR)

(/usr/share/texlive/texmf-dist/tex/latex/graphics/trig.sty
Package: trig 1999/03/16 v1.09 sin cos tan (DPC)
)
(/usr/share/texlive/texmf-dist/tex/latex/latexconfig/graphics.cfg
File: graphics.cfg 2010/04/23 v1.9 graphics configuration of TeX Live
)
Package graphics Info: Driver file: pdftex.def on input line 91.

(/usr/share/texlive/texmf-dist/tex/latex/pdftex-def/pdftex.def
File: pdftex.def 2011/05/27 v0.06d Graphics/color for pdfTeX

(/usr/share/texlive/texmf-dist/tex/generic/oberdiek/infwarerr.sty
Package: infwarerr 2010/04/08 v1.3 Providing info/warning/error messages (HO)
)
(/usr/share/texlive/texmf-dist/tex/generic/oberdiek/ltxcmds.sty
Package: ltxcmds 2011/11/09 v1.22 LaTeX kernel commands for general use (HO)
)
\Gread@gobject=\count93
))
\Gin@req@height=\dimen119
\Gin@req@width=\dimen120
)
(/usr/share/texlive/texmf-dist/tex/latex/graphics/color.sty
Package: color 2005/11/14 v1.0j Standard LaTeX Color (DPC)

(/usr/share/texlive/texmf-dist/tex/latex/latexconfig/color.cfg
File: color.cfg 2007/01/18 v1.5 color configuration of teTeX/TeXLive
)
Package color Info: Driver file: pdftex.def on input line 130.
)
(/usr/share/texlive/texmf-dist/tex/latex/colortbl/colortbl.sty
Package: colortbl 2012/02/13 v1.0a Color table columns (DPC)

(/usr/share/texlive/texmf-dist/tex/latex/tools/array.sty
Package: array 2008/09/09 v2.4c Tabular extension package (FMi)
\col@sep=\dimen121
\extrarowheight=\dimen122
\NC@list=\toks17
\extratabsurround=\skip44
\backup@length=\skip45
)
\everycr=\toks18
\minrowclearance=\skip46
)
(/usr/share/texlive/texmf-dist/tex/latex/amsmath/amsmath.sty
Package: amsmath 2013/01/14 v2.14 AMS math features
\@mathmargin=\skip47

For additional information on amsmath, use the `?' option.
(/usr/share/texlive/texmf-dist/tex/latex/amsmath/amstext.sty
Package: amstext 2000/06/29 v2.01

(/usr/share/texlive/texmf-dist/tex/latex/amsmath/amsgen.sty
File: amsgen.sty 1999/11/30 v2.0
\@emptytoks=\toks19
\ex@=\dimen123
))
(/usr/share/texlive/texmf-dist/tex/latex/amsmath/amsbsy.sty
Package: amsbsy 1999/11/29 v1.2d
\pmbraise@=\dimen124
)
(/usr/share/texlive/texmf-dist/tex/latex/amsmath/amsopn.sty
Package: amsopn 1999/12/14 v2.01 operator names
)
\inf@bad=\count94
LaTeX Info: Redefining \frac on input line 210.
\uproot@=\count95
\leftroot@=\count96
LaTeX Info: Redefining \overline on input line 306.
\classnum@=\count97
\DOTSCASE@=\count98
LaTeX Info: Redefining \ldots on input line 378.
LaTeX Info: Redefining \dots on input line 381.
LaTeX Info: Redefining \cdots on input line 466.
\Mathstrutbox@=\box26
\strutbox@=\box27
\big@size=\dimen125
LaTeX Font Info:    Redeclaring font encoding OML on input line 566.
LaTeX Font Info:    Redeclaring font encoding OMS on input line 567.
\macc@depth=\count99
\c@MaxMatrixCols=\count100
\dotsspace@=\muskip10
\c@parentequation=\count101
\dspbrk@lvl=\count102
\tag@help=\toks20
\row@=\count103
\column@=\count104
\maxfields@=\count105
\andhelp@=\toks21
\eqnshift@=\dimen126
\alignsep@=\dimen127
\tagshift@=\dimen128
\tagwidth@=\dimen129
\totwidth@=\dimen130
\lineht@=\dimen131
\@envbody=\toks22
\multlinegap=\skip48
\multlinetaggap=\skip49
\mathdisplay@stack=\toks23
LaTeX Info: Redefining \[ on input line 2665.
LaTeX Info: Redefining \] on input line 2666.
)
(/usr/share/texlive/texmf-dist/tex/latex/amsfonts/amssymb.sty
Package: amssymb 2013/01/14 v3.01 AMS font symbols

(/usr/share/texlive/texmf-dist/tex/latex/amsfonts/amsfonts.sty
Package: amsfonts 2013/01/14 v3.01 Basic AMSFonts support
\symAMSa=\mathgroup4
\symAMSb=\mathgroup5
LaTeX Font Info:    Overwriting math alphabet `\mathfrak' in version `bold'
(Font)                  U/euf/m/n --> U/euf/b/n on input line 106.
))
(/usr/share/texlive/texmf-dist/tex/latex/was/upgreek.sty
Package: upgreek 2003/02/12 v2.0 (WaS)
Package upgreek Info: Using Euler Roman for upright Greek on input line 31.
\symugrf@m=\mathgroup6
LaTeX Font Info:    Overwriting symbol font `ugrf@m' in version `bold'
(Font)                  U/eur/m/n --> U/eur/b/n on input line 38.
)
(/usr/share/texlive/texmf-dist/tex/latex/hyperref/hyperref.sty
Package: hyperref 2012/11/06 v6.83m Hypertext links for LaTeX

(/usr/share/texlive/texmf-dist/tex/generic/oberdiek/hobsub-hyperref.sty
Package: hobsub-hyperref 2012/05/28 v1.13 Bundle oberdiek, subset hyperref (HO)


(/usr/share/texlive/texmf-dist/tex/generic/oberdiek/hobsub-generic.sty
Package: hobsub-generic 2012/05/28 v1.13 Bundle oberdiek, subset generic (HO)
Package: hobsub 2012/05/28 v1.13 Construct package bundles (HO)
Package hobsub Info: Skipping package `infwarerr' (already loaded).
Package hobsub Info: Skipping package `ltxcmds' (already loaded).
Package: ifluatex 2010/03/01 v1.3 Provides the ifluatex switch (HO)
Package ifluatex Info: LuaTeX not detected.
Package hobsub Info: Skipping package `ifvtex' (already loaded).
Package: intcalc 2007/09/27 v1.1 Expandable calculations with integers (HO)
Package hobsub Info: Skipping package `ifpdf' (already loaded).
Package: etexcmds 2011/02/16 v1.5 Avoid name clashes with e-TeX commands (HO)
Package etexcmds Info: Could not find \expanded.
(etexcmds)             That can mean that you are not using pdfTeX 1.50 or
(etexcmds)             that some package has redefined \expanded.
(etexcmds)             In the latter case, load this package earlier.
Package: kvsetkeys 2012/04/25 v1.16 Key value parser (HO)
Package: kvdefinekeys 2011/04/07 v1.3 Define keys (HO)
Package: pdftexcmds 2011/11/29 v0.20 Utility functions of pdfTeX for LuaTeX (HO
)
Package pdftexcmds Info: LuaTeX not detected.
Package pdftexcmds Info: \pdf@primitive is available.
Package pdftexcmds Info: \pdf@ifprimitive is available.
Package pdftexcmds Info: \pdfdraftmode found.
Package: pdfescape 2011/11/25 v1.13 Implements pdfTeX's escape features (HO)
Package: bigintcalc 2012/04/08 v1.3 Expandable calculations on big integers (HO
)
Package: bitset 2011/01/30 v1.1 Handle bit-vector datatype (HO)
Package: uniquecounter 2011/01/30 v1.2 Provide unlimited unique counter (HO)
)
Package hobsub Info: Skipping package `hobsub' (already loaded).
Package: letltxmacro 2010/09/02 v1.4 Let assignment for LaTeX macros (HO)
Package: hopatch 2012/05/28 v1.2 Wrapper for package hooks (HO)
Package: xcolor-patch 2011/01/30 xcolor patch
Package: atveryend 2011/06/30 v1.8 Hooks at the very end of document (HO)
Package atveryend Info: \enddocument detected (standard20110627).
Package: atbegshi 2011/10/05 v1.16 At begin shipout hook (HO)
Package: refcount 2011/10/16 v3.4 Data extraction from label references (HO)
Package: hycolor 2011/01/30 v1.7 Color options for hyperref/bookmark (HO)
)
(/usr/share/texlive/texmf-dist/tex/latex/oberdiek/auxhook.sty
Package: auxhook 2011/03/04 v1.3 Hooks for auxiliary files (HO)
)
(/usr/share/texlive/texmf-dist/tex/latex/oberdiek/kvoptions.sty
Package: kvoptions 2011/06/30 v3.11 Key value format for package options (HO)
)
\@linkdim=\dimen132
\Hy@linkcounter=\count106
\Hy@pagecounter=\count107

(/usr/share/texlive/texmf-dist/tex/latex/hyperref/pd1enc.def
File: pd1enc.def 2012/11/06 v6.83m Hyperref: PDFDocEncoding definition (HO)
)
\Hy@SavedSpaceFactor=\count108

(/usr/share/texlive/texmf-dist/tex/latex/latexconfig/hyperref.cfg
File: hyperref.cfg 2002/06/06 v1.2 hyperref configuration of TeXLive
)
Package hyperref Info: Hyper figures OFF on input line 4443.
Package hyperref Info: Link nesting OFF on input line 4448.
Package hyperref Info: Hyper index ON on input line 4451.
Package hyperref Info: Plain pages OFF on input line 4458.
Package hyperref Info: Backreferencing OFF on input line 4463.
Package hyperref Info: Implicit mode ON; LaTeX internals redefined.
Package hyperref Info: Bookmarks ON on input line 4688.
\c@Hy@tempcnt=\count109

(/usr/share/texlive/texmf-dist/tex/latex/url/url.sty
\Urlmuskip=\muskip11
Package: url 2006/04/12  ver 3.3  Verb mode for urls, etc.
)
LaTeX Info: Redefining \url on input line 5041.
\XeTeXLinkMargin=\dimen133
\Fld@menulength=\count110
\Field@Width=\dimen134
\Fld@charsize=\dimen135
Package hyperref Info: Hyper figures OFF on input line 6295.
Package hyperref Info: Link nesting OFF on input line 6300.
Package hyperref Info: Hyper index ON on input line 6303.
Package hyperref Info: backreferencing OFF on input line 6310.
Package hyperref Info: Link coloring OFF on input line 6315.
Package hyperref Info: Link coloring with OCG OFF on input line 6320.
Package hyperref Info: PDF/A mode OFF on input line 6325.
LaTeX Info: Redefining \ref on input line 6365.
LaTeX Info: Redefining \pageref on input line 6369.
\Hy@abspage=\count111
\c@Item=\count112
\c@Hfootnote=\count113
)

Package hyperref Message: Driver (autodetected): hpdftex.

(/usr/share/texlive/texmf-dist/tex/latex/hyperref/hpdftex.def
File: hpdftex.def 2012/11/06 v6.83m Hyperref driver for pdfTeX
\Fld@listcount=\count114
\c@bookmark@seq@number=\count115

(/usr/share/texlive/texmf-dist/tex/latex/oberdiek/rerunfilecheck.sty
Package: rerunfilecheck 2011/04/15 v1.7 Rerun checks for auxiliary files (HO)
Package uniquecounter Info: New unique counter `rerunfilecheck' on input line 2
82.
)
\Hy@SectionHShift=\skip50
)
(/usr/share/texlive/texmf-dist/tex/latex/oberdiek/hypcap.sty
Package: hypcap 2011/02/16 v1.11 Adjusting the anchors of captions (HO)
) (./cite.sty
LaTeX Info: Redefining \cite on input line 302.
LaTeX Info: Redefining \nocite on input line 373.
Package: cite 2010/09/10  v 5.3
))
(./mciteplus.sty
Package: mciteplus 2008/09/30 v1.1 enhanced mcite
\@mcitetmptoksA=\toks24
\@mcitetmpdima=\dimen136
\@mcitetmpdimb=\dimen137
\@mcitetmpcnta=\count116
\@mcitetmpcntb=\count117
\c@mcitebibitemcount=\count118
\c@mcitesubitemcount=\count119

** mciteplus: Detected cite.sty. Invoking hooks.
) (/usr/share/texlive/texmf-dist/tex/latex/tools/longtable.sty
Package: longtable 2004/02/01 v4.11 Multi-page Table package (DPC)
\LTleft=\skip51
\LTright=\skip52
\LTpre=\skip53
\LTpost=\skip54
\LTchunksize=\count120
\LTcapwidth=\dimen138
\LT@head=\box28
\LT@firsthead=\box29
\LT@foot=\box30
\LT@lastfoot=\box31
\LT@cols=\count121
\LT@rows=\count122
\c@LT@tables=\count123
\c@LT@chunks=\count124
\LT@p@ftn=\toks25
) (./cosas.aux)
\openout1 = `cosas.aux'.

LaTeX Font Info:    Checking defaults for OML/cmm/m/it on input line 24.
LaTeX Font Info:    ... okay on input line 24.
LaTeX Font Info:    Checking defaults for T1/cmr/m/n on input line 24.
LaTeX Font Info:    ... okay on input line 24.
LaTeX Font Info:    Checking defaults for OT1/cmr/m/n on input line 24.
LaTeX Font Info:    ... okay on input line 24.
LaTeX Font Info:    Checking defaults for OMS/cmsy/m/n on input line 24.
LaTeX Font Info:    ... okay on input line 24.
LaTeX Font Info:    Checking defaults for OMX/cmex/m/n on input line 24.
LaTeX Font Info:    ... okay on input line 24.
LaTeX Font Info:    Checking defaults for U/cmr/m/n on input line 24.
LaTeX Font Info:    ... okay on input line 24.
LaTeX Font Info:    Checking defaults for PD1/pdf/m/n on input line 24.
LaTeX Font Info:    ... okay on input line 24.

*geometry* driver: auto-detecting
*geometry* detected driver: pdftex
*geometry* verbose mode - [ preamble ] result:
* driver: pdftex
* paper: a4paper
* layout: <same size as paper>
* layoutoffset:(h,v)=(0.0pt,0.0pt)
* modes: 
* h-part:(L,W,R)=(72.26999pt, 452.9679pt, 72.26999pt)
* v-part:(T,H,B)=(72.26999pt, 682.43936pt, 90.3375pt)
* \paperwidth=597.50787pt
* \paperheight=845.04684pt
* \textwidth=452.9679pt
* \textheight=682.43936pt
* \oddsidemargin=0.0pt
* \evensidemargin=0.0pt
* \topmargin=-37.0pt
* \headheight=12.0pt
* \headsep=25.0pt
* \topskip=12.0pt
* \footskip=30.0pt
* \marginparwidth=35.0pt
* \marginparsep=10.0pt
* \columnsep=14.22636pt
* \skip\footins=10.8pt plus 4.0pt minus 2.0pt
* \hoffset=0.0pt
* \voffset=0.0pt
* \mag=1000
* \@twocolumnfalse
* \@twosidefalse
* \@mparswitchfalse
* \@reversemarginfalse
* (1in=72.27pt=25.4mm, 1cm=28.453pt)

LaTeX Info: Redefining \microtypecontext on input line 24.
Package microtype Info: Generating PDF output.
Package microtype Info: Character protrusion enabled (level 2).
Package microtype Info: Using default protrusion set `alltext'.
Package microtype Info: Automatic font expansion enabled (level 2),
(microtype)             stretch: 20, shrink: 20, step: 1, non-selected.
Package microtype Info: Using default expansion set `basictext'.
Package microtype Info: No adjustment of tracking.
Package microtype Info: No adjustment of interword spacing.
Package microtype Info: No adjustment of character kerning.
(/usr/share/texlive/texmf-dist/tex/latex/microtype/mt-cmr.cfg
File: mt-cmr.cfg 2013/05/19 v2.2 microtype config. file: Computer Modern Roman 
(RS)
)
Package caption Info: Begin \AtBeginDocument code.
Package caption Info: hyperref package is loaded.
Package caption Info: hypcap package is loaded.
Package caption Info: longtable package is loaded.

(/usr/share/texlive/texmf-dist/tex/latex/caption/ltcaption.sty
Package: ltcaption 2013/02/03 v1.3-62 longtable captions (AR)
)
Package caption Info: End \AtBeginDocument code.

(/usr/share/texlive/texmf-dist/tex/context/base/supp-pdf.mkii
[Loading MPS to PDF converter (version 2006.09.02).]
\scratchcounter=\count125
\scratchdimen=\dimen139
\scratchbox=\box32
\nofMPsegments=\count126
\nofMParguments=\count127
\everyMPshowfont=\toks26
\MPscratchCnt=\count128
\MPscratchDim=\dimen140
\MPnumerator=\count129
\makeMPintoPDFobject=\count130
\everyMPtoPDFconversion=\toks27
) (/usr/share/texlive/texmf-dist/tex/latex/oberdiek/epstopdf-base.sty
Package: epstopdf-base 2010/02/09 v2.5 Base part for package epstopdf

(/usr/share/texlive/texmf-dist/tex/latex/oberdiek/grfext.sty
Package: grfext 2010/08/19 v1.1 Manage graphics extensions (HO)
)
Package grfext Info: Graphics extension search list:
(grfext)             [.png,.pdf,.jpg,.mps,.jpeg,.jbig2,.jb2,.PNG,.PDF,.JPG,.JPE
G,.JBIG2,.JB2,.eps]
(grfext)             \AppendGraphicsExtensions on input line 452.

(/usr/share/texlive/texmf-dist/tex/latex/latexconfig/epstopdf-sys.cfg
File: epstopdf-sys.cfg 2010/07/13 v1.3 Configuration of (r)epstopdf for TeX Liv
e
))
\AtBeginShipoutBox=\box33
Package hyperref Info: Link coloring OFF on input line 24.

(/usr/share/texlive/texmf-dist/tex/latex/hyperref/nameref.sty
Package: nameref 2012/10/27 v2.43 Cross-referencing by name of section

(/usr/share/texlive/texmf-dist/tex/generic/oberdiek/gettitlestring.sty
Package: gettitlestring 2010/12/03 v1.4 Cleanup title references (HO)
)
\c@section@level=\count131
)
LaTeX Info: Redefining \ref on input line 24.
LaTeX Info: Redefining \pageref on input line 24.
LaTeX Info: Redefining \nameref on input line 24.
\@outlinefile=\write3
\openout3 = `cosas.out'.


<figs/DOCAPARTIALptcut.pdf, id=4, 569.12625pt x 387.4475pt>
File: figs/DOCAPARTIALptcut.pdf Graphic file (type pdf)

<use figs/DOCAPARTIALptcut.pdf>
Package pdftex.def Info: figs/DOCAPARTIALptcut.pdf used on input line 27.
(pdftex.def)             Requested size: 113.82323pt x 77.48811pt.

<figs/mu1ipsPARTIALptcut.pdf, id=5, 569.12625pt x 387.4475pt>
File: figs/mu1ipsPARTIALptcut.pdf Graphic file (type pdf)

<use figs/mu1ipsPARTIALptcut.pdf>
Package pdftex.def Info: figs/mu1ipsPARTIALptcut.pdf used on input line 28.
(pdftex.def)             Requested size: 113.82323pt x 77.48811pt.

<figs/mu2ipsPARTIALptcut.pdf, id=6, 569.12625pt x 387.4475pt>
File: figs/mu2ipsPARTIALptcut.pdf Graphic file (type pdf)

<use figs/mu2ipsPARTIALptcut.pdf>
Package pdftex.def Info: figs/mu2ipsPARTIALptcut.pdf used on input line 29.
(pdftex.def)             Requested size: 113.82323pt x 77.48811pt.

<figs/BipsPARTIALptcut.pdf, id=7, 569.12625pt x 387.4475pt>
File: figs/BipsPARTIALptcut.pdf Graphic file (type pdf)

<use figs/BipsPARTIALptcut.pdf>
Package pdftex.def Info: figs/BipsPARTIALptcut.pdf used on input line 30.
(pdftex.def)             Requested size: 113.82323pt x 77.48811pt.

<figs/BptPARTIALptcut.pdf, id=8, 569.12625pt x 387.4475pt>
File: figs/BptPARTIALptcut.pdf Graphic file (type pdf)

<use figs/BptPARTIALptcut.pdf>
Package pdftex.def Info: figs/BptPARTIALptcut.pdf used on input line 31.
(pdftex.def)             Requested size: 113.82323pt x 77.48811pt.

<figs/BdissigPARTIALptcut.pdf, id=9, 569.12625pt x 387.4475pt>
File: figs/BdissigPARTIALptcut.pdf Graphic file (type pdf)

<use figs/BdissigPARTIALptcut.pdf>
Package pdftex.def Info: figs/BdissigPARTIALptcut.pdf used on input line 32.
(pdftex.def)             Requested size: 113.82323pt x 77.48811pt.

<figs/mu2_probNNmuPARTIALptcut.pdf, id=10, 569.12625pt x 387.4475pt>
File: figs/mu2_probNNmuPARTIALptcut.pdf Graphic file (type pdf)

<use figs/mu2_probNNmuPARTIALptcut.pdf>
Package pdftex.def Info: figs/mu2_probNNmuPARTIALptcut.pdf used on input line 3
3.
(pdftex.def)             Requested size: 113.82323pt x 77.48811pt.

<figs/mu1_probNNmuPARTIALptcut.pdf, id=11, 569.12625pt x 387.4475pt>
File: figs/mu1_probNNmuPARTIALptcut.pdf Graphic file (type pdf)

<use figs/mu1_probNNmuPARTIALptcut.pdf>
Package pdftex.def Info: figs/mu1_probNNmuPARTIALptcut.pdf used on input line 3
4.
(pdftex.def)             Requested size: 113.82323pt x 77.48811pt.

<figs/Vchi2PARTIALptcut.pdf, id=12, 569.12625pt x 387.4475pt>
File: figs/Vchi2PARTIALptcut.pdf Graphic file (type pdf)

<use figs/Vchi2PARTIALptcut.pdf>
Package pdftex.def Info: figs/Vchi2PARTIALptcut.pdf used on input line 35.
(pdftex.def)             Requested size: 113.82323pt x 77.48811pt.

<figs/mu1_track_Chi2DoFPARTIALptcut.pdf, id=13, 569.12625pt x 387.4475pt>
File: figs/mu1_track_Chi2DoFPARTIALptcut.pdf Graphic file (type pdf)

<use figs/mu1_track_Chi2DoFPARTIALptcut.pdf>
Package pdftex.def Info: figs/mu1_track_Chi2DoFPARTIALptcut.pdf used on input l
ine 36.
(pdftex.def)             Requested size: 113.82323pt x 77.48811pt.

<figs/mu2_track_Chi2DoFPARTIALptcut.pdf, id=14, 569.12625pt x 387.4475pt>
File: figs/mu2_track_Chi2DoFPARTIALptcut.pdf Graphic file (type pdf)

<use figs/mu2_track_Chi2DoFPARTIALptcut.pdf>
Package pdftex.def Info: figs/mu2_track_Chi2DoFPARTIALptcut.pdf used on input l
ine 37.
(pdftex.def)             Requested size: 113.82323pt x 77.48811pt.

<figs/mu1_hitsInOTPARTIALptcut.pdf, id=15, 569.12625pt x 387.4475pt>
File: figs/mu1_hitsInOTPARTIALptcut.pdf Graphic file (type pdf)

<use figs/mu1_hitsInOTPARTIALptcut.pdf>
Package pdftex.def Info: figs/mu1_hitsInOTPARTIALptcut.pdf used on input line 3
8.
(pdftex.def)             Requested size: 113.82323pt x 77.48811pt.

<figs/mu2_hitsInOTPARTIALptcut.pdf, id=16, 569.12625pt x 387.4475pt>
File: figs/mu2_hitsInOTPARTIALptcut.pdf Graphic file (type pdf)

<use figs/mu2_hitsInOTPARTIALptcut.pdf>
Package pdftex.def Info: figs/mu2_hitsInOTPARTIALptcut.pdf used on input line 3
9.
(pdftex.def)             Requested size: 113.82323pt x 77.48811pt.

<figs/mu2_hitsInITPARTIALptcut.pdf, id=17, 569.12625pt x 387.4475pt>
File: figs/mu2_hitsInITPARTIALptcut.pdf Graphic file (type pdf)

<use figs/mu2_hitsInITPARTIALptcut.pdf>
Package pdftex.def Info: figs/mu2_hitsInITPARTIALptcut.pdf used on input line 4
0.
(pdftex.def)             Requested size: 113.82323pt x 77.48811pt.

<figs/mu1_hitsInITPARTIALptcut.pdf, id=18, 569.12625pt x 387.4475pt>
File: figs/mu1_hitsInITPARTIALptcut.pdf Graphic file (type pdf)

<use figs/mu1_hitsInITPARTIALptcut.pdf>
Package pdftex.def Info: figs/mu1_hitsInITPARTIALptcut.pdf used on input line 4
1.
(pdftex.def)             Requested size: 113.82323pt x 77.48811pt.

<figs/mu1_hitsInTTPARTIALptcut.pdf, id=19, 569.12625pt x 387.4475pt>
File: figs/mu1_hitsInTTPARTIALptcut.pdf Graphic file (type pdf)

<use figs/mu1_hitsInTTPARTIALptcut.pdf>
Package pdftex.def Info: figs/mu1_hitsInTTPARTIALptcut.pdf used on input line 4
2.
(pdftex.def)             Requested size: 113.82323pt x 77.48811pt.

<figs/mu2_hitsInTTPARTIALptcut.pdf, id=20, 569.12625pt x 387.4475pt>
File: figs/mu2_hitsInTTPARTIALptcut.pdf Graphic file (type pdf)

<use figs/mu2_hitsInTTPARTIALptcut.pdf>
Package pdftex.def Info: figs/mu2_hitsInTTPARTIALptcut.pdf used on input line 4
3.
(pdftex.def)             Requested size: 113.82323pt x 77.48811pt.

<figs/mu1_hitsInVPARTIALptcut.pdf, id=21, 569.12625pt x 387.4475pt>
File: figs/mu1_hitsInVPARTIALptcut.pdf Graphic file (type pdf)

<use figs/mu1_hitsInVPARTIALptcut.pdf>
Package pdftex.def Info: figs/mu1_hitsInVPARTIALptcut.pdf used on input line 44
.
(pdftex.def)             Requested size: 113.82323pt x 77.48811pt.

<figs/mu2_hitsInVPARTIALptcut.pdf, id=22, 569.12625pt x 387.4475pt>
File: figs/mu2_hitsInVPARTIALptcut.pdf Graphic file (type pdf)

<use figs/mu2_hitsInVPARTIALptcut.pdf>
Package pdftex.def Info: figs/mu2_hitsInVPARTIALptcut.pdf used on input line 45
.
(pdftex.def)             Requested size: 113.82323pt x 77.48811pt.

<figs/SV1PARTIALptcut.pdf, id=23, 569.12625pt x 387.4475pt>
File: figs/SV1PARTIALptcut.pdf Graphic file (type pdf)

<use figs/SV1PARTIALptcut.pdf>
Package pdftex.def Info: figs/SV1PARTIALptcut.pdf used on input line 46.
(pdftex.def)             Requested size: 113.82323pt x 77.48811pt.

<figs/SV2PARTIALptcut.pdf, id=24, 569.12625pt x 387.4475pt>
File: figs/SV2PARTIALptcut.pdf Graphic file (type pdf)

<use figs/SV2PARTIALptcut.pdf>
Package pdftex.def Info: figs/SV2PARTIALptcut.pdf used on input line 47.
(pdftex.def)             Requested size: 113.82323pt x 77.48811pt.

<figs/SV3PARTIALptcut.pdf, id=25, 569.12625pt x 387.4475pt>
File: figs/SV3PARTIALptcut.pdf Graphic file (type pdf)

<use figs/SV3PARTIALptcut.pdf>
Package pdftex.def Info: figs/SV3PARTIALptcut.pdf used on input line 48.
(pdftex.def)             Requested size: 113.82323pt x 77.48811pt.

<figs/ProbNNghost1PARTIALptcut.pdf, id=26, 569.12625pt x 387.4475pt>
File: figs/ProbNNghost1PARTIALptcut.pdf Graphic file (type pdf)

<use figs/ProbNNghost1PARTIALptcut.pdf>
Package pdftex.def Info: figs/ProbNNghost1PARTIALptcut.pdf used on input line 4
9.
(pdftex.def)             Requested size: 113.82323pt x 77.48811pt.

<figs/ProbNNghost2PARTIALptcut.pdf, id=27, 569.12625pt x 387.4475pt>
File: figs/ProbNNghost2PARTIALptcut.pdf Graphic file (type pdf)

<use figs/ProbNNghost2PARTIALptcut.pdf>
Package pdftex.def Info: figs/ProbNNghost2PARTIALptcut.pdf used on input line 5
0.
(pdftex.def)             Requested size: 113.82323pt x 77.48811pt.

! Undefined control sequence.
<argument> ...for the PARTIAL case, using \Kspipi 
                                                  data with a cut on the $p_...
l.52 \label{fig:MVAhistos_PARTIAL2pipi1}}
                                         
? 
! Undefined control sequence.
<argument> ...for the PARTIAL case, using \Kspipi 
                                                  data with a cut on the $p_...
l.52 \label{fig:MVAhistos_PARTIAL2pipi1}}
                                         
? 
LaTeX Font Info:    Try loading font information for U+msa on input line 52.
(/usr/share/texlive/texmf-dist/tex/latex/amsfonts/umsa.fd
File: umsa.fd 2013/01/14 v3.01 AMS symbols A
)
(/usr/share/texlive/texmf-dist/tex/latex/microtype/mt-msa.cfg
File: mt-msa.cfg 2006/02/04 v1.1 microtype config. file: AMS symbols (a) (RS)
)
LaTeX Font Info:    Try loading font information for U+msb on input line 52.

(/usr/share/texlive/texmf-dist/tex/latex/amsfonts/umsb.fd
File: umsb.fd 2013/01/14 v3.01 AMS symbols B
)
(/usr/share/texlive/texmf-dist/tex/latex/microtype/mt-msb.cfg
File: mt-msb.cfg 2005/06/01 v1.0 microtype config. file: AMS symbols (b) (RS)
)
(/usr/share/texlive/texmf-dist/tex/latex/microtype/mt-eur.cfg
File: mt-eur.cfg 2006/07/31 v1.1 microtype config. file: AMS Euler Roman (RS)
)
! Undefined control sequence.
<argument> ...for the PARTIAL case, using \Kspipi 
                                                  data with a cut on the $p_...
l.52 \label{fig:MVAhistos_PARTIAL2pipi1}}
                                         
? 

LaTeX Warning: Float too large for page by 0.54048pt on input line 54.

<figs/mu1GPPARTIALptcut.pdf, id=28, 569.12625pt x 387.4475pt>
File: figs/mu1GPPARTIALptcut.pdf Graphic file (type pdf)

<use figs/mu1GPPARTIALptcut.pdf>
Package pdftex.def Info: figs/mu1GPPARTIALptcut.pdf used on input line 59.
(pdftex.def)             Requested size: 113.82323pt x 77.48811pt.

<figs/mu2GPPARTIALptcut.pdf, id=29, 569.12625pt x 387.4475pt>
File: figs/mu2GPPARTIALptcut.pdf Graphic file (type pdf)

<use figs/mu2GPPARTIALptcut.pdf>
Package pdftex.def Info: figs/mu2GPPARTIALptcut.pdf used on input line 60.
(pdftex.def)             Requested size: 113.82323pt x 77.48811pt.

<figs/PIDmu1PARTIALptcut.pdf, id=30, 569.12625pt x 387.4475pt>
File: figs/PIDmu1PARTIALptcut.pdf Graphic file (type pdf)

<use figs/PIDmu1PARTIALptcut.pdf>
Package pdftex.def Info: figs/PIDmu1PARTIALptcut.pdf used on input line 61.
(pdftex.def)             Requested size: 113.82323pt x 77.48811pt.

<figs/PIDmu2PARTIALptcut.pdf, id=31, 569.12625pt x 387.4475pt>
File: figs/PIDmu2PARTIALptcut.pdf Graphic file (type pdf)

<use figs/PIDmu2PARTIALptcut.pdf>
Package pdftex.def Info: figs/PIDmu2PARTIALptcut.pdf used on input line 62.
(pdftex.def)             Requested size: 113.82323pt x 77.48811pt.

! Undefined control sequence.
<argument> ...for the PARTIAL case, using \Kspipi 
                                                  data with a cut on the $p_...
l.64 \label{fig:MVAhistos_PARTIAL2pipi2}}
                                         
? 
! Undefined control sequence.
<argument> ...for the PARTIAL case, using \Kspipi 
                                                  data with a cut on the $p_...
l.64 \label{fig:MVAhistos_PARTIAL2pipi2}}
                                         
? 
! Undefined control sequence.
<argument> ...for the PARTIAL case, using \Kspipi 
                                                  data with a cut on the $p_...
l.64 \label{fig:MVAhistos_PARTIAL2pipi2}}
                                         
? 
Package atveryend Info: Empty hook `BeforeClearDocument' on input line 67.
[1{/var/lib/texmf/fonts/map/pdftex/updmap/pdftex.map} <./figs/DOCAPARTIALptcut.
pdf, page is rotated 90 degrees> <./figs/mu1ipsPARTIALptcut.pdf, page is rotate
d 90 degrees> <./figs/mu2ipsPARTIALptcut.pdf, page is rotated 90 degrees> <./fi
gs/BipsPARTIALptcut.pdf, page is rotated 90 degrees> <./figs/BptPARTIALptcut.pd
f, page is rotated 90 degrees> <./figs/BdissigPARTIALptcut.pdf, page is rotated
 90 degrees> <./figs/mu2_probNNmuPARTIALptcut.pdf, page is rotated 90 degrees> 
<./figs/mu1_probNNmuPARTIALptcut.pdf, page is rotated 90 degrees> <./figs/Vchi2
PARTIALptcut.pdf, page is rotated 90 degrees> <./figs/mu1_track_Chi2DoFPARTIALp
tcut.pdf, page is rotated 90 degrees> <./figs/mu2_track_Chi2DoFPARTIALptcut.pdf
, page is rotated 90 degrees> <./figs/mu1_hitsInOTPARTIALptcut.pdf, page is rot
ated 90 degrees> <./figs/mu2_hitsInOTPARTIALptcut.pdf, page is rotated 90 degre
es> <./figs/mu2_hitsInITPARTIALptcut.pdf, page is rotated 90 degrees> <./figs/m
u1_hitsInITPARTIALptcut.pdf, page is rotated 90 degrees> <./figs/mu1_hitsInTTPA
RTIALptcut.pdf, page is rotated 90 degrees> <./figs/mu2_hitsInTTPARTIALptcut.pd
f, page is rotated 90 degrees> <./figs/mu1_hitsInVPARTIALptcut.pdf, page is rot
ated 90 degrees> <./figs/mu2_hitsInVPARTIALptcut.pdf, page is rotated 90 degree
s> <./figs/SV1PARTIALptcut.pdf, page is rotated 90 degrees> <./figs/SV2PARTIALp
tcut.pdf, page is rotated 90 degrees> <./figs/SV3PARTIALptcut.pdf, page is rota
ted 90 degrees> <./figs/ProbNNghost1PARTIALptcut.pdf, page is rotated 90 degree
s> <./figs/ProbNNghost2PARTIALptcut.pdf, page is rotated 90 degrees>] [2 <./fig
s/mu1GPPARTIALptcut.pdf, page is rotated 90 degrees> <./figs/mu2GPPARTIALptcut.
pdf, page is rotated 90 degrees> <./figs/PIDmu1PARTIALptcut.pdf, page is rotate
d 90 degrees> <./figs/PIDmu2PARTIALptcut.pdf, page is rotated 90 degrees>]
Package atveryend Info: Empty hook `AfterLastShipout' on input line 67.

(./cosas.aux)
Package atveryend Info: Executing hook `AtVeryEndDocument' on input line 67.
Package atveryend Info: Executing hook `AtEndAfterFileList' on input line 67.


Package rerunfilecheck Warning: File `cosas.out' has changed.
(rerunfilecheck)                Rerun to get outlines right
(rerunfilecheck)                or use package `bookmark'.

Package rerunfilecheck Info: Checksums for `cosas.out':
(rerunfilecheck)             Before: <no file>
(rerunfilecheck)             After:  D41D8CD98F00B204E9800998ECF8427E;0.

LaTeX Warning: Label(s) may have changed. Rerun to get cross-references right.

Package atveryend Info: Empty hook `AtVeryVeryEnd' on input line 67.
 ) 
Here is how much of TeX's memory you used:
 9816 strings out of 495031
 153345 string characters out of 6181531
 267514 words of memory out of 5000000
 12860 multiletter control sequences out of 15000+600000
 9686 words of font info for 41 fonts, out of 8000000 for 9000
 14 hyphenation exceptions out of 8191
 38i,7n,42p,252b,487s stack positions out of 5000i,500n,10000p,200000b,80000s
</usr/share/texlive/texmf-dist/fonts/type1/public/amsfonts/cm/cmmi10.pfb></us
r/share/texlive/texmf-dist/fonts/type1/public/amsfonts/cm/cmmi8.pfb></usr/share
/texlive/texmf-dist/fonts/type1/public/amsfonts/cm/cmr10.pfb></usr/share/texliv
e/texmf-dist/fonts/type1/public/amsfonts/cm/cmr12.pfb>
Output written on cosas.pdf (2 pages, 384711 bytes).
PDF statistics:
 1271 PDF objects out of 1440 (max. 8388607)
 529 compressed objects within 6 object streams
 4 named destinations out of 1000 (max. 500000)
 5261 words of extra memory for PDF output out of 10000 (max. 10000000)

